#
# There is insufficient memory for the Java Runtime Environment to continue.
# Native memory allocation (malloc) failed to allocate 1048576 bytes for AllocateHeap
# Possible reasons:
#   The system is out of physical RAM or swap space
#   The process is running with CompressedOops enabled, and the Java Heap may be blocking the growth of the native heap
# Possible solutions:
#   Reduce memory load on the system
#   Increase physical memory or swap space
#   Check if swap backing store is full
#   Decrease Java heap size (-Xmx/-Xms)
#   Decrease number of Java threads
#   Decrease Java thread stack sizes (-Xss)
#   Set larger code cache with -XX:ReservedCodeCacheSize=
#   JVM is running with Unscaled Compressed Oops mode in which the Java heap is
#     placed in the first 4GB address space. The Java Heap base address is the
#     maximum limit for the native heap growth. Please use -XX:HeapBaseMinAddress
#     to set the Java Heap base and to place the Java Heap above 4GB virtual address.
# This output file may be truncated or incomplete.
#
#  Out of Memory Error (./open/src/hotspot/share/memory/allocation.cpp:44), pid=7608, tid=8016
#
# JRE version:  (15.0.1+9) (build )
# Java VM: Java HotSpot(TM) 64-Bit Server VM (15.0.1+9-18, mixed mode, sharing, tiered, compressed oops, g1 gc, windows-amd64)
# No core dump will be written. Minidumps are not enabled by default on client versions of Windows
#

---------------  S U M M A R Y ------------

Command Line: PrimeNumberUtils

Host: Intel(R) Core(TM) i5-8250U CPU @ 1.60GHz, 8 cores, 7G,  Windows 10 , 64 bit Build 19041 (10.0.19041.1889)
Time: Sun Nov  6 03:32:43 2022 Central Asia Standard Time elapsed time: 0.176504 seconds (0d 0h 0m 0s)

---------------  T H R E A D  ---------------

Current thread (0x000002396598e480):  JavaThread "Unknown thread" [_thread_in_vm, id=8016, stack(0x00000082fba00000,0x00000082fbb00000)]

Stack: [0x00000082fba00000,0x00000082fbb00000]
Native frames: (J=compiled Java code, j=interpreted, Vv=VM code, C=native code)
V  [jvm.dll+0x62ae9a]
V  [jvm.dll+0x781389]
V  [jvm.dll+0x782ae3]
V  [jvm.dll+0x783143]
V  [jvm.dll+0x216265]
V  [jvm.dll+0x8eb72]
V  [jvm.dll+0x2a2824]
V  [jvm.dll+0x75e0cc]
V  [jvm.dll+0x3343e4]
V  [jvm.dll+0x73e826]
V  [jvm.dll+0x3b7777]
V  [jvm.dll+0x3b9201]
C  [jli.dll+0x52fb]
C  [ucrtbase.dll+0x21bb2]
C  [KERNEL32.DLL+0x17034]
C  [ntdll.dll+0x526a1]


---------------  P R O C E S S  ---------------

Threads class SMR info:
_java_thread_list=0x00007fff9a584ff0, length=0, elements={
}

Java Threads: ( => current thread )

Other Threads:

=>0x000002396598e480 (exited) JavaThread "Unknown thread" [_thread_in_vm, id=8016, stack(0x00000082fba00000,0x00000082fbb00000)]

Threads with active compile tasks:

VM state: not at safepoint (not fully initialized)

VM Mutex/Monitor currently owned by a thread: None

Heap address: 0x0000000000000000, size: 0 MB, Compressed Oops mode: 32-bit
CDS archive(s) mapped at: [0x0000000000000000-0x0000000000000000-0x0000000000000000), size 0, SharedBaseAddress: 0x0000000800000000, ArchiveRelocationMode: 0.
Narrow klass base: 0x0000000000000000, Narrow klass shift: 0, Narrow klass range: 0x0

GC Heap History (0 events):
No events

Deoptimization events (0 events):
No events

Classes unloaded (0 events):
No events

Classes redefined (0 events):
No events

Internal exceptions (0 events):
No events

Events (1 events):
Event: 0.047 Loaded shared library C:\Program Files\Java\jdk-15.0.1\bin\java.dll


Dynamic libraries:
0x00007ff69df00000 - 0x00007ff69df0f000 	C:\Program Files\Java\jdk-15.0.1\bin\java.exe
0x00007ff8092f0000 - 0x00007ff8094e8000 	C:\WINDOWS\SYSTEM32\ntdll.dll
0x00007ff808d20000 - 0x00007ff808ddd000 	C:\WINDOWS\System32\KERNEL32.DLL
0x00007ff806b70000 - 0x00007ff806e42000 	C:\WINDOWS\System32\KERNELBASE.dll
0x00007ff806a70000 - 0x00007ff806b70000 	C:\WINDOWS\System32\ucrtbase.dll
0x00007ffffee20000 - 0x00007ffffee38000 	C:\Program Files\Java\jdk-15.0.1\bin\jli.dll
0x00007ff808050000 - 0x00007ff8080fe000 	C:\WINDOWS\System32\ADVAPI32.dll
0x00007ff808ad0000 - 0x00007ff808b6e000 	C:\WINDOWS\System32\msvcrt.dll
0x00007ff807710000 - 0x00007ff8077ac000 	C:\WINDOWS\System32\sechost.dll
0x00007ff808b70000 - 0x00007ff808c95000 	C:\WINDOWS\System32\RPCRT4.dll
0x00007ff807570000 - 0x00007ff80770d000 	C:\WINDOWS\System32\USER32.dll
0x00007ff8070f0000 - 0x00007ff807112000 	C:\WINDOWS\System32\win32u.dll
0x00007ff807350000 - 0x00007ff80737b000 	C:\WINDOWS\System32\GDI32.dll
0x00007ff806ee0000 - 0x00007ff806fef000 	C:\WINDOWS\System32\gdi32full.dll
0x00007ff807150000 - 0x00007ff8071ed000 	C:\WINDOWS\System32\msvcp_win.dll
0x00007ffffee00000 - 0x00007ffffee19000 	C:\Program Files\Java\jdk-15.0.1\bin\VCRUNTIME140.dll
0x00007fffed8c0000 - 0x00007fffedb5a000 	C:\WINDOWS\WinSxS\amd64_microsoft.windows.common-controls_6595b64144ccf1df_6.0.19041.1110_none_60b5254171f9507e\COMCTL32.dll
0x00007ffffc680000 - 0x00007ffffc68a000 	C:\WINDOWS\SYSTEM32\VERSION.dll
0x00007ff808f90000 - 0x00007ff808fc0000 	C:\WINDOWS\System32\IMM32.DLL
0x00007ffffe0f0000 - 0x00007ffffe0fc000 	C:\Program Files\Java\jdk-15.0.1\bin\vcruntime140_1.dll
0x00007fffdd6b0000 - 0x00007fffdd741000 	C:\Program Files\Java\jdk-15.0.1\bin\msvcp140.dll
0x00007fff99ac0000 - 0x00007fff9a61e000 	C:\Program Files\Java\jdk-15.0.1\bin\server\jvm.dll
0x00007ff8081b0000 - 0x00007ff8081b8000 	C:\WINDOWS\System32\PSAPI.DLL
0x00007ffffd8d0000 - 0x00007ffffd8d9000 	C:\WINDOWS\SYSTEM32\WSOCK32.dll
0x00007ff808de0000 - 0x00007ff808e4b000 	C:\WINDOWS\System32\WS2_32.dll
0x00007fffe06b0000 - 0x00007fffe06d7000 	C:\WINDOWS\SYSTEM32\WINMM.dll
0x00007ff8047b0000 - 0x00007ff8047c2000 	C:\WINDOWS\SYSTEM32\kernel.appcore.dll
0x00007ffffd520000 - 0x00007ffffd52a000 	C:\Program Files\Java\jdk-15.0.1\bin\jimage.dll
0x00007ff801290000 - 0x00007ff801474000 	C:\WINDOWS\SYSTEM32\DBGHELP.DLL
0x00007ffff1030000 - 0x00007ffff105c000 	C:\WINDOWS\SYSTEM32\dbgcore.DLL
0x00007ff806e50000 - 0x00007ff806ed2000 	C:\WINDOWS\System32\bcryptPrimitives.dll
0x00007ffff3ab0000 - 0x00007ffff3ad5000 	C:\Program Files\Java\jdk-15.0.1\bin\java.dll

dbghelp: loaded successfully - version: 4.0.5 - missing functions: none
symbol engine: initialized successfully - sym options: 0x614 - pdb path: .;C:\Program Files\Java\jdk-15.0.1\bin;C:\WINDOWS\SYSTEM32;C:\WINDOWS\WinSxS\amd64_microsoft.windows.common-controls_6595b64144ccf1df_6.0.19041.1110_none_60b5254171f9507e;C:\Program Files\Java\jdk-15.0.1\bin\server

VM Arguments:
java_command: PrimeNumberUtils
java_class_path (initial): .
Launcher Type: SUN_STANDARD

[Global flags]
     intx CICompilerCount                          = 4                                         {product} {ergonomic}
     uint ConcGCThreads                            = 2                                         {product} {ergonomic}
     uint G1ConcRefinementThreads                  = 8                                         {product} {ergonomic}
   size_t G1HeapRegionSize                         = 1048576                                   {product} {ergonomic}
    uintx GCDrainStackTargetSize                   = 64                                        {product} {ergonomic}
   size_t InitialHeapSize                          = 134217728                                 {product} {ergonomic}
   size_t MarkStackSize                            = 4194304                                   {product} {ergonomic}
   size_t MaxHeapSize                              = 2116026368                                {product} {ergonomic}
   size_t MinHeapDeltaBytes                        = 1048576                                   {product} {ergonomic}
   size_t MinHeapSize                              = 8388608                                   {product} {ergonomic}
    uintx NonNMethodCodeHeapSize                   = 5839372                                {pd product} {ergonomic}
    uintx NonProfiledCodeHeapSize                  = 122909434                              {pd product} {ergonomic}
    uintx ProfiledCodeHeapSize                     = 122909434                              {pd product} {ergonomic}
    uintx ReservedCodeCacheSize                    = 251658240                              {pd product} {ergonomic}
     bool SegmentedCodeCache                       = true                                      {product} {ergonomic}
   size_t SoftMaxHeapSize                          = 2116026368                             {manageable} {ergonomic}
     bool UseCompressedClassPointers               = true                                 {lp64_product} {ergonomic}
     bool UseCompressedOops                        = true                                 {lp64_product} {ergonomic}
     bool UseG1GC                                  = true                                      {product} {ergonomic}
     bool UseLargePagesIndividualAllocation        = false                                  {pd product} {ergonomic}

Logging:
Log output configuration:
 #0: stdout all=warning uptime,level,tags
 #1: stderr all=off uptime,level,tags

Environment Variables:
JAVA_HOME=C:\Program Files\Java\jdk-15.0.1
PATH=D:\Program Files (x86)\CLion 2022.2.4\bin;;C:\Users\limit\AppData\Roaming\npm;C:\Program Files\Java\jdk-15.0.1\bin;C:\big-data\hadoop-3.3.0\bin;
USERNAME=limit
OS=Windows_NT
PROCESSOR_IDENTIFIER=Intel64 Family 6 Model 142 Stepping 10, GenuineIntel



---------------  S Y S T E M  ---------------

OS:
 Windows 10 , 64 bit Build 19041 (10.0.19041.1889)
OS uptime: 0 days 1:17 hours

CPU: total 8 (initial active 8) (4 cores per cpu, 2 threads per core) family 6 model 142 stepping 10 microcode 0xb4, cmov, cx8, fxsr, mmx, sse, sse2, sse3, ssse3, sse4.1, sse4.2, popcnt, vzeroupper, avx, avx2, aes, clmul, erms, 3dnowpref, lzcnt, ht, tsc, tscinvbit, bmi1, bmi2, adx, fma, clflush, clflushopt

Memory: 4k page, system-wide physical 8070M (197M free)
TotalPageFile size 22303M (AvailPageFile size 174M)
current process WorkingSet (physical memory assigned to process): 9M, peak: 9M
current process commit charge ("private bytes"): 12M, peak: 13M

vm_info: Java HotSpot(TM) 64-Bit Server VM (15.0.1+9-18) for windows-amd64 JRE (15.0.1+9-18), built on Sep 15 2020 14:43:54 by "mach5one" with unknown MS VC++:1925

END.
