#
# There is insufficient memory for the Java Runtime Environment to continue.
# Native memory allocation (malloc) failed to allocate 32744 bytes for ChunkPool::allocate
# Possible reasons:
#   The system is out of physical RAM or swap space
#   The process is running with CompressedOops enabled, and the Java Heap may be blocking the growth of the native heap
# Possible solutions:
#   Reduce memory load on the system
#   Increase physical memory or swap space
#   Check if swap backing store is full
#   Decrease Java heap size (-Xmx/-Xms)
#   Decrease number of Java threads
#   Decrease Java thread stack sizes (-Xss)
#   Set larger code cache with -XX:ReservedCodeCacheSize=
#   JVM is running with Unscaled Compressed Oops mode in which the Java heap is
#     placed in the first 4GB address space. The Java Heap base address is the
#     maximum limit for the native heap growth. Please use -XX:HeapBaseMinAddress
#     to set the Java Heap base and to place the Java Heap above 4GB virtual address.
# This output file may be truncated or incomplete.
#
#  Out of Memory Error (./open/src/hotspot/share/memory/arena.cpp:79), pid=19836, tid=20228
#
# JRE version: Java(TM) SE Runtime Environment (15.0.1+9) (build 15.0.1+9-18)
# Java VM: Java HotSpot(TM) 64-Bit Server VM (15.0.1+9-18, mixed mode, sharing, tiered, compressed oops, g1 gc, windows-amd64)
# No core dump will be written. Minidumps are not enabled by default on client versions of Windows
#

---------------  S U M M A R Y ------------

Command Line: PrimeNumberUtils

Host: Intel(R) Core(TM) i5-8250U CPU @ 1.60GHz, 8 cores, 7G,  Windows 10 , 64 bit Build 19041 (10.0.19041.1889)
Time: Sun Nov  6 03:32:43 2022 Central Asia Standard Time elapsed time: 0.727278 seconds (0d 0h 0m 0s)

---------------  T H R E A D  ---------------

Current thread (0x00000116ebd52040):  JavaThread "C2 CompilerThread0" daemon [_thread_in_native, id=20228, stack(0x0000001224d00000,0x0000001224e00000)]


Current CompileTask:
C2:    727  207 %     4       sun.security.provider.SHA::implCompress0 @ 3 (482 bytes)

Stack: [0x0000001224d00000,0x0000001224e00000]
Native frames: (J=compiled Java code, j=interpreted, Vv=VM code, C=native code)
V  [jvm.dll+0x62ae9a]
V  [jvm.dll+0x781389]
V  [jvm.dll+0x782ae3]
V  [jvm.dll+0x783143]
V  [jvm.dll+0x216265]
V  [jvm.dll+0x9828f]
V  [jvm.dll+0x985dc]
V  [jvm.dll+0x79ee8]
V  [jvm.dll+0x5b67b3]
V  [jvm.dll+0x5b6c6b]
V  [jvm.dll+0x5b68e0]
V  [jvm.dll+0x5bb371]
V  [jvm.dll+0x5bc1ca]
V  [jvm.dll+0x5ba79e]
V  [jvm.dll+0x1ea4d8]
V  [jvm.dll+0x1e98ae]
V  [jvm.dll+0x1784c7]
V  [jvm.dll+0x1f9165]
V  [jvm.dll+0x1f720c]
V  [jvm.dll+0x74485d]
V  [jvm.dll+0x73d65a]
V  [jvm.dll+0x629c56]
C  [ucrtbase.dll+0x21bb2]
C  [KERNEL32.DLL+0x17034]
C  [ntdll.dll+0x526a1]


---------------  P R O C E S S  ---------------

Threads class SMR info:
_java_thread_list=0x00000116ec786860, length=11, elements={
0x00000116cd27f540, 0x00000116ebd2c450, 0x00000116ebd2dce0, 0x00000116ebd4b2a0,
0x00000116ebd4db70, 0x00000116ebd50440, 0x00000116ebd52040, 0x00000116ebd530e0,
0x00000116ebd55c00, 0x00000116ec7859c0, 0x00000116ec78e360
}

Java Threads: ( => current thread )
  0x00000116cd27f540 JavaThread "main" [_thread_in_vm, id=20024, stack(0x0000001224100000,0x0000001224200000)]
  0x00000116ebd2c450 JavaThread "Reference Handler" daemon [_thread_blocked, id=20136, stack(0x0000001224800000,0x0000001224900000)]
  0x00000116ebd2dce0 JavaThread "Finalizer" daemon [_thread_blocked, id=20140, stack(0x0000001224900000,0x0000001224a00000)]
  0x00000116ebd4b2a0 JavaThread "Signal Dispatcher" daemon [_thread_blocked, id=20216, stack(0x0000001224a00000,0x0000001224b00000)]
  0x00000116ebd4db70 JavaThread "Attach Listener" daemon [_thread_blocked, id=20220, stack(0x0000001224b00000,0x0000001224c00000)]
  0x00000116ebd50440 JavaThread "Service Thread" daemon [_thread_blocked, id=20224, stack(0x0000001224c00000,0x0000001224d00000)]
=>0x00000116ebd52040 JavaThread "C2 CompilerThread0" daemon [_thread_in_native, id=20228, stack(0x0000001224d00000,0x0000001224e00000)]
  0x00000116ebd530e0 JavaThread "C1 CompilerThread0" daemon [_thread_blocked, id=20232, stack(0x0000001224e00000,0x0000001224f00000)]
  0x00000116ebd55c00 JavaThread "Sweeper thread" daemon [_thread_blocked, id=20236, stack(0x0000001224f00000,0x0000001225000000)]
  0x00000116ec7859c0 JavaThread "Notification Thread" daemon [_thread_blocked, id=20312, stack(0x0000001225000000,0x0000001225100000)]
  0x00000116ec78e360 JavaThread "Common-Cleaner" daemon [_thread_blocked, id=20328, stack(0x0000001225200000,0x0000001225300000)]

Other Threads:
  0x00000116ebd2a520 VMThread "VM Thread" [stack: 0x0000001224700000,0x0000001224800000] [id=20104]
  0x00000116ec78deb0 WatcherThread [stack: 0x0000001225100000,0x0000001225200000] [id=20316]
  0x00000116cd2bee90 GCTaskThread "GC Thread#0" [stack: 0x0000001224200000,0x0000001224300000] [id=20048]
  0x00000116cd2d0b40 ConcurrentGCThread "G1 Main Marker" [stack: 0x0000001224300000,0x0000001224400000] [id=20052]
  0x00000116cd2d1640 ConcurrentGCThread "G1 Conc#0" [stack: 0x0000001224400000,0x0000001224500000] [id=20056]
  0x00000116cd35a830 ConcurrentGCThread "G1 Refine#0" [stack: 0x0000001224500000,0x0000001224600000] [id=20060]
  0x00000116cd35b340 ConcurrentGCThread "G1 Young RemSet Sampling" [stack: 0x0000001224600000,0x0000001224700000] [id=20064]

Threads with active compile tasks:
C2 CompilerThread0      787  207 %     4       sun.security.provider.SHA::implCompress0 @ 3 (482 bytes)
C1 CompilerThread0      787  248       3       java.lang.invoke.MemberName::testAllFlags (7 bytes)

VM state: not at safepoint (normal execution)

VM Mutex/Monitor currently owned by a thread: None

Heap address: 0x0000000081e00000, size: 2018 MB, Compressed Oops mode: 32-bit
CDS archive(s) mapped at: [0x0000000800000000-0x0000000800b50000-0x0000000800b50000), size 11862016, SharedBaseAddress: 0x0000000800000000, ArchiveRelocationMode: 0.
Compressed class space mapped at: 0x0000000800b50000-0x0000000840b50000, size: 1073741824
Narrow klass base: 0x0000000800000000, Narrow klass shift: 3, Narrow klass range: 0x100000000

GC Precious Log:
 CPUs: 8 total, 8 available
 Memory: 8070M
 Large Page Support: Disabled
 NUMA Support: Disabled
 Compressed Oops: Enabled (32-bit)
 Heap Region Size: 1M
 Heap Min Capacity: 8M
 Heap Initial Capacity: 128M
 Heap Max Capacity: 2018M
 Pre-touch: Disabled
 Parallel Workers: 8
 Concurrent Workers: 2
 Concurrent Refinement Workers: 8
 Periodic GC: Disabled

Heap:
 garbage-first heap   total 131072K, used 2048K [0x0000000081e00000, 0x0000000100000000)
  region size 1024K, 3 young (3072K), 0 survivors (0K)
 Metaspace       used 1031K, capacity 4513K, committed 4864K, reserved 1056768K
  class space    used 100K, capacity 395K, committed 512K, reserved 1048576K

Heap Regions: E=young(eden), S=young(survivor), O=old, HS=humongous(starts), HC=humongous(continues), CS=collection set, F=free, OA=open archive, CA=closed archive, TAMS=top-at-mark-start (previous, next)
|   0|0x0000000081e00000, 0x0000000081e00000, 0x0000000081f00000|  0%| F|  |TAMS 0x0000000081e00000, 0x0000000081e00000| Untracked 
|   1|0x0000000081f00000, 0x0000000081f00000, 0x0000000082000000|  0%| F|  |TAMS 0x0000000081f00000, 0x0000000081f00000| Untracked 
|   2|0x0000000082000000, 0x0000000082000000, 0x0000000082100000|  0%| F|  |TAMS 0x0000000082000000, 0x0000000082000000| Untracked 
|   3|0x0000000082100000, 0x0000000082100000, 0x0000000082200000|  0%| F|  |TAMS 0x0000000082100000, 0x0000000082100000| Untracked 
|   4|0x0000000082200000, 0x0000000082200000, 0x0000000082300000|  0%| F|  |TAMS 0x0000000082200000, 0x0000000082200000| Untracked 
|   5|0x0000000082300000, 0x0000000082300000, 0x0000000082400000|  0%| F|  |TAMS 0x0000000082300000, 0x0000000082300000| Untracked 
|   6|0x0000000082400000, 0x0000000082400000, 0x0000000082500000|  0%| F|  |TAMS 0x0000000082400000, 0x0000000082400000| Untracked 
|   7|0x0000000082500000, 0x0000000082500000, 0x0000000082600000|  0%| F|  |TAMS 0x0000000082500000, 0x0000000082500000| Untracked 
|   8|0x0000000082600000, 0x0000000082600000, 0x0000000082700000|  0%| F|  |TAMS 0x0000000082600000, 0x0000000082600000| Untracked 
|   9|0x0000000082700000, 0x0000000082700000, 0x0000000082800000|  0%| F|  |TAMS 0x0000000082700000, 0x0000000082700000| Untracked 
|  10|0x0000000082800000, 0x0000000082800000, 0x0000000082900000|  0%| F|  |TAMS 0x0000000082800000, 0x0000000082800000| Untracked 
|  11|0x0000000082900000, 0x0000000082900000, 0x0000000082a00000|  0%| F|  |TAMS 0x0000000082900000, 0x0000000082900000| Untracked 
|  12|0x0000000082a00000, 0x0000000082a00000, 0x0000000082b00000|  0%| F|  |TAMS 0x0000000082a00000, 0x0000000082a00000| Untracked 
|  13|0x0000000082b00000, 0x0000000082b00000, 0x0000000082c00000|  0%| F|  |TAMS 0x0000000082b00000, 0x0000000082b00000| Untracked 
|  14|0x0000000082c00000, 0x0000000082c00000, 0x0000000082d00000|  0%| F|  |TAMS 0x0000000082c00000, 0x0000000082c00000| Untracked 
|  15|0x0000000082d00000, 0x0000000082d00000, 0x0000000082e00000|  0%| F|  |TAMS 0x0000000082d00000, 0x0000000082d00000| Untracked 
|  16|0x0000000082e00000, 0x0000000082e00000, 0x0000000082f00000|  0%| F|  |TAMS 0x0000000082e00000, 0x0000000082e00000| Untracked 
|  17|0x0000000082f00000, 0x0000000082f00000, 0x0000000083000000|  0%| F|  |TAMS 0x0000000082f00000, 0x0000000082f00000| Untracked 
|  18|0x0000000083000000, 0x0000000083000000, 0x0000000083100000|  0%| F|  |TAMS 0x0000000083000000, 0x0000000083000000| Untracked 
|  19|0x0000000083100000, 0x0000000083100000, 0x0000000083200000|  0%| F|  |TAMS 0x0000000083100000, 0x0000000083100000| Untracked 
|  20|0x0000000083200000, 0x0000000083200000, 0x0000000083300000|  0%| F|  |TAMS 0x0000000083200000, 0x0000000083200000| Untracked 
|  21|0x0000000083300000, 0x0000000083300000, 0x0000000083400000|  0%| F|  |TAMS 0x0000000083300000, 0x0000000083300000| Untracked 
|  22|0x0000000083400000, 0x0000000083400000, 0x0000000083500000|  0%| F|  |TAMS 0x0000000083400000, 0x0000000083400000| Untracked 
|  23|0x0000000083500000, 0x0000000083500000, 0x0000000083600000|  0%| F|  |TAMS 0x0000000083500000, 0x0000000083500000| Untracked 
|  24|0x0000000083600000, 0x0000000083600000, 0x0000000083700000|  0%| F|  |TAMS 0x0000000083600000, 0x0000000083600000| Untracked 
|  25|0x0000000083700000, 0x0000000083700000, 0x0000000083800000|  0%| F|  |TAMS 0x0000000083700000, 0x0000000083700000| Untracked 
|  26|0x0000000083800000, 0x0000000083800000, 0x0000000083900000|  0%| F|  |TAMS 0x0000000083800000, 0x0000000083800000| Untracked 
|  27|0x0000000083900000, 0x0000000083900000, 0x0000000083a00000|  0%| F|  |TAMS 0x0000000083900000, 0x0000000083900000| Untracked 
|  28|0x0000000083a00000, 0x0000000083a00000, 0x0000000083b00000|  0%| F|  |TAMS 0x0000000083a00000, 0x0000000083a00000| Untracked 
|  29|0x0000000083b00000, 0x0000000083b00000, 0x0000000083c00000|  0%| F|  |TAMS 0x0000000083b00000, 0x0000000083b00000| Untracked 
|  30|0x0000000083c00000, 0x0000000083c00000, 0x0000000083d00000|  0%| F|  |TAMS 0x0000000083c00000, 0x0000000083c00000| Untracked 
|  31|0x0000000083d00000, 0x0000000083d00000, 0x0000000083e00000|  0%| F|  |TAMS 0x0000000083d00000, 0x0000000083d00000| Untracked 
|  32|0x0000000083e00000, 0x0000000083e00000, 0x0000000083f00000|  0%| F|  |TAMS 0x0000000083e00000, 0x0000000083e00000| Untracked 
|  33|0x0000000083f00000, 0x0000000083f00000, 0x0000000084000000|  0%| F|  |TAMS 0x0000000083f00000, 0x0000000083f00000| Untracked 
|  34|0x0000000084000000, 0x0000000084000000, 0x0000000084100000|  0%| F|  |TAMS 0x0000000084000000, 0x0000000084000000| Untracked 
|  35|0x0000000084100000, 0x0000000084100000, 0x0000000084200000|  0%| F|  |TAMS 0x0000000084100000, 0x0000000084100000| Untracked 
|  36|0x0000000084200000, 0x0000000084200000, 0x0000000084300000|  0%| F|  |TAMS 0x0000000084200000, 0x0000000084200000| Untracked 
|  37|0x0000000084300000, 0x0000000084300000, 0x0000000084400000|  0%| F|  |TAMS 0x0000000084300000, 0x0000000084300000| Untracked 
|  38|0x0000000084400000, 0x0000000084400000, 0x0000000084500000|  0%| F|  |TAMS 0x0000000084400000, 0x0000000084400000| Untracked 
|  39|0x0000000084500000, 0x0000000084500000, 0x0000000084600000|  0%| F|  |TAMS 0x0000000084500000, 0x0000000084500000| Untracked 
|  40|0x0000000084600000, 0x0000000084600000, 0x0000000084700000|  0%| F|  |TAMS 0x0000000084600000, 0x0000000084600000| Untracked 
|  41|0x0000000084700000, 0x0000000084700000, 0x0000000084800000|  0%| F|  |TAMS 0x0000000084700000, 0x0000000084700000| Untracked 
|  42|0x0000000084800000, 0x0000000084800000, 0x0000000084900000|  0%| F|  |TAMS 0x0000000084800000, 0x0000000084800000| Untracked 
|  43|0x0000000084900000, 0x0000000084900000, 0x0000000084a00000|  0%| F|  |TAMS 0x0000000084900000, 0x0000000084900000| Untracked 
|  44|0x0000000084a00000, 0x0000000084a00000, 0x0000000084b00000|  0%| F|  |TAMS 0x0000000084a00000, 0x0000000084a00000| Untracked 
|  45|0x0000000084b00000, 0x0000000084b00000, 0x0000000084c00000|  0%| F|  |TAMS 0x0000000084b00000, 0x0000000084b00000| Untracked 
|  46|0x0000000084c00000, 0x0000000084c00000, 0x0000000084d00000|  0%| F|  |TAMS 0x0000000084c00000, 0x0000000084c00000| Untracked 
|  47|0x0000000084d00000, 0x0000000084d00000, 0x0000000084e00000|  0%| F|  |TAMS 0x0000000084d00000, 0x0000000084d00000| Untracked 
|  48|0x0000000084e00000, 0x0000000084e00000, 0x0000000084f00000|  0%| F|  |TAMS 0x0000000084e00000, 0x0000000084e00000| Untracked 
|  49|0x0000000084f00000, 0x0000000084f00000, 0x0000000085000000|  0%| F|  |TAMS 0x0000000084f00000, 0x0000000084f00000| Untracked 
|  50|0x0000000085000000, 0x0000000085000000, 0x0000000085100000|  0%| F|  |TAMS 0x0000000085000000, 0x0000000085000000| Untracked 
|  51|0x0000000085100000, 0x0000000085100000, 0x0000000085200000|  0%| F|  |TAMS 0x0000000085100000, 0x0000000085100000| Untracked 
|  52|0x0000000085200000, 0x0000000085200000, 0x0000000085300000|  0%| F|  |TAMS 0x0000000085200000, 0x0000000085200000| Untracked 
|  53|0x0000000085300000, 0x0000000085300000, 0x0000000085400000|  0%| F|  |TAMS 0x0000000085300000, 0x0000000085300000| Untracked 
|  54|0x0000000085400000, 0x0000000085400000, 0x0000000085500000|  0%| F|  |TAMS 0x0000000085400000, 0x0000000085400000| Untracked 
|  55|0x0000000085500000, 0x0000000085500000, 0x0000000085600000|  0%| F|  |TAMS 0x0000000085500000, 0x0000000085500000| Untracked 
|  56|0x0000000085600000, 0x0000000085600000, 0x0000000085700000|  0%| F|  |TAMS 0x0000000085600000, 0x0000000085600000| Untracked 
|  57|0x0000000085700000, 0x0000000085700000, 0x0000000085800000|  0%| F|  |TAMS 0x0000000085700000, 0x0000000085700000| Untracked 
|  58|0x0000000085800000, 0x0000000085800000, 0x0000000085900000|  0%| F|  |TAMS 0x0000000085800000, 0x0000000085800000| Untracked 
|  59|0x0000000085900000, 0x0000000085900000, 0x0000000085a00000|  0%| F|  |TAMS 0x0000000085900000, 0x0000000085900000| Untracked 
|  60|0x0000000085a00000, 0x0000000085a00000, 0x0000000085b00000|  0%| F|  |TAMS 0x0000000085a00000, 0x0000000085a00000| Untracked 
|  61|0x0000000085b00000, 0x0000000085b00000, 0x0000000085c00000|  0%| F|  |TAMS 0x0000000085b00000, 0x0000000085b00000| Untracked 
|  62|0x0000000085c00000, 0x0000000085c00000, 0x0000000085d00000|  0%| F|  |TAMS 0x0000000085c00000, 0x0000000085c00000| Untracked 
|  63|0x0000000085d00000, 0x0000000085d00000, 0x0000000085e00000|  0%| F|  |TAMS 0x0000000085d00000, 0x0000000085d00000| Untracked 
|  64|0x0000000085e00000, 0x0000000085e00000, 0x0000000085f00000|  0%| F|  |TAMS 0x0000000085e00000, 0x0000000085e00000| Untracked 
|  65|0x0000000085f00000, 0x0000000085f00000, 0x0000000086000000|  0%| F|  |TAMS 0x0000000085f00000, 0x0000000085f00000| Untracked 
|  66|0x0000000086000000, 0x0000000086000000, 0x0000000086100000|  0%| F|  |TAMS 0x0000000086000000, 0x0000000086000000| Untracked 
|  67|0x0000000086100000, 0x0000000086100000, 0x0000000086200000|  0%| F|  |TAMS 0x0000000086100000, 0x0000000086100000| Untracked 
|  68|0x0000000086200000, 0x0000000086200000, 0x0000000086300000|  0%| F|  |TAMS 0x0000000086200000, 0x0000000086200000| Untracked 
|  69|0x0000000086300000, 0x0000000086300000, 0x0000000086400000|  0%| F|  |TAMS 0x0000000086300000, 0x0000000086300000| Untracked 
|  70|0x0000000086400000, 0x0000000086400000, 0x0000000086500000|  0%| F|  |TAMS 0x0000000086400000, 0x0000000086400000| Untracked 
|  71|0x0000000086500000, 0x0000000086500000, 0x0000000086600000|  0%| F|  |TAMS 0x0000000086500000, 0x0000000086500000| Untracked 
|  72|0x0000000086600000, 0x0000000086600000, 0x0000000086700000|  0%| F|  |TAMS 0x0000000086600000, 0x0000000086600000| Untracked 
|  73|0x0000000086700000, 0x0000000086700000, 0x0000000086800000|  0%| F|  |TAMS 0x0000000086700000, 0x0000000086700000| Untracked 
|  74|0x0000000086800000, 0x0000000086800000, 0x0000000086900000|  0%| F|  |TAMS 0x0000000086800000, 0x0000000086800000| Untracked 
|  75|0x0000000086900000, 0x0000000086900000, 0x0000000086a00000|  0%| F|  |TAMS 0x0000000086900000, 0x0000000086900000| Untracked 
|  76|0x0000000086a00000, 0x0000000086a00000, 0x0000000086b00000|  0%| F|  |TAMS 0x0000000086a00000, 0x0000000086a00000| Untracked 
|  77|0x0000000086b00000, 0x0000000086b00000, 0x0000000086c00000|  0%| F|  |TAMS 0x0000000086b00000, 0x0000000086b00000| Untracked 
|  78|0x0000000086c00000, 0x0000000086c00000, 0x0000000086d00000|  0%| F|  |TAMS 0x0000000086c00000, 0x0000000086c00000| Untracked 
|  79|0x0000000086d00000, 0x0000000086d00000, 0x0000000086e00000|  0%| F|  |TAMS 0x0000000086d00000, 0x0000000086d00000| Untracked 
|  80|0x0000000086e00000, 0x0000000086e00000, 0x0000000086f00000|  0%| F|  |TAMS 0x0000000086e00000, 0x0000000086e00000| Untracked 
|  81|0x0000000086f00000, 0x0000000086f00000, 0x0000000087000000|  0%| F|  |TAMS 0x0000000086f00000, 0x0000000086f00000| Untracked 
|  82|0x0000000087000000, 0x0000000087000000, 0x0000000087100000|  0%| F|  |TAMS 0x0000000087000000, 0x0000000087000000| Untracked 
|  83|0x0000000087100000, 0x0000000087100000, 0x0000000087200000|  0%| F|  |TAMS 0x0000000087100000, 0x0000000087100000| Untracked 
|  84|0x0000000087200000, 0x0000000087200000, 0x0000000087300000|  0%| F|  |TAMS 0x0000000087200000, 0x0000000087200000| Untracked 
|  85|0x0000000087300000, 0x0000000087300000, 0x0000000087400000|  0%| F|  |TAMS 0x0000000087300000, 0x0000000087300000| Untracked 
|  86|0x0000000087400000, 0x0000000087400000, 0x0000000087500000|  0%| F|  |TAMS 0x0000000087400000, 0x0000000087400000| Untracked 
|  87|0x0000000087500000, 0x0000000087500000, 0x0000000087600000|  0%| F|  |TAMS 0x0000000087500000, 0x0000000087500000| Untracked 
|  88|0x0000000087600000, 0x0000000087600000, 0x0000000087700000|  0%| F|  |TAMS 0x0000000087600000, 0x0000000087600000| Untracked 
|  89|0x0000000087700000, 0x0000000087700000, 0x0000000087800000|  0%| F|  |TAMS 0x0000000087700000, 0x0000000087700000| Untracked 
|  90|0x0000000087800000, 0x0000000087800000, 0x0000000087900000|  0%| F|  |TAMS 0x0000000087800000, 0x0000000087800000| Untracked 
|  91|0x0000000087900000, 0x0000000087900000, 0x0000000087a00000|  0%| F|  |TAMS 0x0000000087900000, 0x0000000087900000| Untracked 
|  92|0x0000000087a00000, 0x0000000087a00000, 0x0000000087b00000|  0%| F|  |TAMS 0x0000000087a00000, 0x0000000087a00000| Untracked 
|  93|0x0000000087b00000, 0x0000000087b00000, 0x0000000087c00000|  0%| F|  |TAMS 0x0000000087b00000, 0x0000000087b00000| Untracked 
|  94|0x0000000087c00000, 0x0000000087c00000, 0x0000000087d00000|  0%| F|  |TAMS 0x0000000087c00000, 0x0000000087c00000| Untracked 
|  95|0x0000000087d00000, 0x0000000087d00000, 0x0000000087e00000|  0%| F|  |TAMS 0x0000000087d00000, 0x0000000087d00000| Untracked 
|  96|0x0000000087e00000, 0x0000000087e00000, 0x0000000087f00000|  0%| F|  |TAMS 0x0000000087e00000, 0x0000000087e00000| Untracked 
|  97|0x0000000087f00000, 0x0000000087f00000, 0x0000000088000000|  0%| F|  |TAMS 0x0000000087f00000, 0x0000000087f00000| Untracked 
|  98|0x0000000088000000, 0x0000000088000000, 0x0000000088100000|  0%| F|  |TAMS 0x0000000088000000, 0x0000000088000000| Untracked 
|  99|0x0000000088100000, 0x0000000088100000, 0x0000000088200000|  0%| F|  |TAMS 0x0000000088100000, 0x0000000088100000| Untracked 
| 100|0x0000000088200000, 0x0000000088200000, 0x0000000088300000|  0%| F|  |TAMS 0x0000000088200000, 0x0000000088200000| Untracked 
| 101|0x0000000088300000, 0x0000000088300000, 0x0000000088400000|  0%| F|  |TAMS 0x0000000088300000, 0x0000000088300000| Untracked 
| 102|0x0000000088400000, 0x0000000088400000, 0x0000000088500000|  0%| F|  |TAMS 0x0000000088400000, 0x0000000088400000| Untracked 
| 103|0x0000000088500000, 0x0000000088500000, 0x0000000088600000|  0%| F|  |TAMS 0x0000000088500000, 0x0000000088500000| Untracked 
| 104|0x0000000088600000, 0x0000000088600000, 0x0000000088700000|  0%| F|  |TAMS 0x0000000088600000, 0x0000000088600000| Untracked 
| 105|0x0000000088700000, 0x0000000088700000, 0x0000000088800000|  0%| F|  |TAMS 0x0000000088700000, 0x0000000088700000| Untracked 
| 106|0x0000000088800000, 0x0000000088800000, 0x0000000088900000|  0%| F|  |TAMS 0x0000000088800000, 0x0000000088800000| Untracked 
| 107|0x0000000088900000, 0x0000000088900000, 0x0000000088a00000|  0%| F|  |TAMS 0x0000000088900000, 0x0000000088900000| Untracked 
| 108|0x0000000088a00000, 0x0000000088a00000, 0x0000000088b00000|  0%| F|  |TAMS 0x0000000088a00000, 0x0000000088a00000| Untracked 
| 109|0x0000000088b00000, 0x0000000088b00000, 0x0000000088c00000|  0%| F|  |TAMS 0x0000000088b00000, 0x0000000088b00000| Untracked 
| 110|0x0000000088c00000, 0x0000000088c00000, 0x0000000088d00000|  0%| F|  |TAMS 0x0000000088c00000, 0x0000000088c00000| Untracked 
| 111|0x0000000088d00000, 0x0000000088d00000, 0x0000000088e00000|  0%| F|  |TAMS 0x0000000088d00000, 0x0000000088d00000| Untracked 
| 112|0x0000000088e00000, 0x0000000088e00000, 0x0000000088f00000|  0%| F|  |TAMS 0x0000000088e00000, 0x0000000088e00000| Untracked 
| 113|0x0000000088f00000, 0x0000000088f00000, 0x0000000089000000|  0%| F|  |TAMS 0x0000000088f00000, 0x0000000088f00000| Untracked 
| 114|0x0000000089000000, 0x0000000089000000, 0x0000000089100000|  0%| F|  |TAMS 0x0000000089000000, 0x0000000089000000| Untracked 
| 115|0x0000000089100000, 0x0000000089100000, 0x0000000089200000|  0%| F|  |TAMS 0x0000000089100000, 0x0000000089100000| Untracked 
| 116|0x0000000089200000, 0x0000000089200000, 0x0000000089300000|  0%| F|  |TAMS 0x0000000089200000, 0x0000000089200000| Untracked 
| 117|0x0000000089300000, 0x0000000089300000, 0x0000000089400000|  0%| F|  |TAMS 0x0000000089300000, 0x0000000089300000| Untracked 
| 118|0x0000000089400000, 0x0000000089400000, 0x0000000089500000|  0%| F|  |TAMS 0x0000000089400000, 0x0000000089400000| Untracked 
| 119|0x0000000089500000, 0x0000000089500000, 0x0000000089600000|  0%| F|  |TAMS 0x0000000089500000, 0x0000000089500000| Untracked 
| 120|0x0000000089600000, 0x0000000089600000, 0x0000000089700000|  0%| F|  |TAMS 0x0000000089600000, 0x0000000089600000| Untracked 
| 121|0x0000000089700000, 0x0000000089700000, 0x0000000089800000|  0%| F|  |TAMS 0x0000000089700000, 0x0000000089700000| Untracked 
| 122|0x0000000089800000, 0x0000000089800000, 0x0000000089900000|  0%| F|  |TAMS 0x0000000089800000, 0x0000000089800000| Untracked 
| 123|0x0000000089900000, 0x0000000089900000, 0x0000000089a00000|  0%| F|  |TAMS 0x0000000089900000, 0x0000000089900000| Untracked 
| 124|0x0000000089a00000, 0x0000000089a00000, 0x0000000089b00000|  0%| F|  |TAMS 0x0000000089a00000, 0x0000000089a00000| Untracked 
| 125|0x0000000089b00000, 0x0000000089b76488, 0x0000000089c00000| 46%| E|  |TAMS 0x0000000089b00000, 0x0000000089b00000| Complete 
| 126|0x0000000089c00000, 0x0000000089d00000, 0x0000000089d00000|100%| E|CS|TAMS 0x0000000089c00000, 0x0000000089c00000| Complete 
| 127|0x0000000089d00000, 0x0000000089e00000, 0x0000000089e00000|100%| E|CS|TAMS 0x0000000089d00000, 0x0000000089d00000| Complete 

Card table byte_map: [0x00000116e4bf0000,0x00000116e4ff0000] _byte_map_base: 0x00000116e47e1000

Marking Bits (Prev, Next): (CMBitMap*) 0x00000116cd2c05a0, (CMBitMap*) 0x00000116cd2c05e0
 Prev Bits: [0x00000116e53f0000, 0x00000116e7378000)
 Next Bits: [0x00000116e7380000, 0x00000116e9308000)

Polling page: 0x00000116cb1e0000

Metaspace:

Usage:
  Non-class:      4.02 MB capacity,   946.05 KB ( 23%) used,     3.10 MB ( 77%) free+waste,     1.38 KB ( <1%) overhead. 
      Class:    396.00 KB capacity,   102.78 KB ( 26%) used,   292.47 KB ( 74%) free+waste,   768 bytes ( <1%) overhead. 
       Both:      4.41 MB capacity,     1.02 MB ( 23%) used,     3.38 MB ( 77%) free+waste,     2.12 KB ( <1%) overhead. 

Virtual space:
  Non-class space:        8.00 MB reserved,       4.25 MB ( 53%) committed 
      Class space:        1.00 GB reserved,     512.00 KB ( <1%) committed 
             Both:        1.01 GB reserved,       4.75 MB ( <1%) committed 

Chunk freelists:
   Non-Class:  0 bytes
       Class:  0 bytes
        Both:  0 bytes

MaxMetaspaceSize: 17179869184.00 GB
CompressedClassSpaceSize: 1.00 GB

CodeHeap 'non-profiled nmethods': size=120000Kb used=66Kb max_used=66Kb free=119933Kb
 bounds [0x00000116dcf90000, 0x00000116dd200000, 0x00000116e44c0000]
CodeHeap 'profiled nmethods': size=120000Kb used=336Kb max_used=336Kb free=119663Kb
 bounds [0x00000116d5a60000, 0x00000116d5cd0000, 0x00000116dcf90000]
CodeHeap 'non-nmethods': size=5760Kb used=1123Kb max_used=1135Kb free=4636Kb
 bounds [0x00000116d54c0000, 0x00000116d5730000, 0x00000116d5a60000]
 total_blobs=622 nmethods=254 adapters=281
 compilation: enabled
              stopped_count=0, restarted_count=0
 full_count=0

Compilation events (20 events):
Event: 0.704 Thread 0x00000116ebd530e0  224       3       java.lang.invoke.MethodType::<init> (15 bytes)
Event: 0.704 Thread 0x00000116ebd530e0 nmethod 224 0x00000116d5aae490 code [0x00000116d5aae640, 0x00000116d5aae858]
Event: 0.704 Thread 0x00000116ebd530e0  226       3       java.lang.invoke.MethodType::checkSlotCount (33 bytes)
Event: 0.705 Thread 0x00000116ebd530e0 nmethod 226 0x00000116d5aae910 code [0x00000116d5aaeb40, 0x00000116d5aaf1d8]
Event: 0.706 Thread 0x00000116ebd530e0  228       3       sun.security.provider.SHA2::lf_S (11 bytes)
Event: 0.706 Thread 0x00000116ebd530e0 nmethod 228 0x00000116d5aaf490 code [0x00000116d5aaf620, 0x00000116d5aaf718]
Event: 0.707 Thread 0x00000116ebd530e0  229       3       sun.security.provider.SHA2::lf_R (4 bytes)
Event: 0.707 Thread 0x00000116ebd530e0 nmethod 229 0x00000116d5aaf790 code [0x00000116d5aaf920, 0x00000116d5aaf9f8]
Event: 0.707 Thread 0x00000116ebd530e0  231       3       sun.security.provider.SHA2::lf_sigma1 (21 bytes)
Event: 0.707 Thread 0x00000116ebd530e0 nmethod 231 0x00000116d5aafa90 code [0x00000116d5aafc40, 0x00000116d5aafe58]
Event: 0.707 Thread 0x00000116ebd530e0  234       3       sun.security.provider.SHA2::lf_sigma0 (20 bytes)
Event: 0.707 Thread 0x00000116ebd530e0 nmethod 234 0x00000116d5aaff90 code [0x00000116d5ab0140, 0x00000116d5ab0358]
Event: 0.707 Thread 0x00000116ebd530e0  235       3       sun.security.provider.SHA2::lf_maj (12 bytes)
Event: 0.707 Thread 0x00000116ebd530e0 nmethod 235 0x00000116d5ab0490 code [0x00000116d5ab0620, 0x00000116d5ab0718]
Event: 0.708 Thread 0x00000116ebd530e0  232       3       sun.security.provider.SHA2::lf_ch (10 bytes)
Event: 0.708 Thread 0x00000116ebd530e0 nmethod 232 0x00000116d5ab0790 code [0x00000116d5ab0920, 0x00000116d5ab0a18]
Event: 0.708 Thread 0x00000116ebd530e0  233       3       sun.security.provider.SHA2::lf_delta1 (21 bytes)
Event: 0.708 Thread 0x00000116ebd530e0 nmethod 233 0x00000116d5ab0a90 code [0x00000116d5ab0c40, 0x00000116d5ab0e58]
Event: 0.708 Thread 0x00000116ebd530e0  236       3       sun.security.provider.SHA2::lf_delta0 (20 bytes)
Event: 0.708 Thread 0x00000116ebd530e0 nmethod 236 0x00000116d5ab0f90 code [0x00000116d5ab1140, 0x00000116d5ab1358]

GC Heap History (0 events):
No events

Deoptimization events (4 events):
Event: 0.139 Thread 0x00000116cd27f540 Uncommon trap: trap_request=0xffffff45 fr.pc=0x00000116dcf944c0 relative=0x0000000000000220
Event: 0.139 Thread 0x00000116cd27f540 Uncommon trap: reason=unstable_if action=reinterpret pc=0x00000116dcf944c0 method=java.lang.String.hashCode()I @ 13 c2
Event: 0.139 Thread 0x00000116cd27f540 DEOPT PACKING pc=0x00000116dcf944c0 sp=0x00000012241fe090
Event: 0.139 Thread 0x00000116cd27f540 DEOPT UNPACKING pc=0x00000116d550e42f sp=0x00000012241fe020 mode 2

Classes unloaded (0 events):
No events

Classes redefined (0 events):
No events

Internal exceptions (5 events):
Event: 0.318 Thread 0x00000116cd27f540 Exception <a 'java/lang/NoSuchMethodError'{0x0000000089c4d410}: 'void java.lang.invoke.DirectMethodHandle$Holder.invokeStatic(java.lang.Object, java.lang.Object)'> (0x0000000089c4d410) 
thrown [./open/src/hotspot/share/interpreter/linkResolver.cpp, line 782]
Event: 0.323 Thread 0x00000116cd27f540 Exception <a 'java/lang/NoSuchMethodError'{0x0000000089c52fc8}: 'void java.lang.invoke.DirectMethodHandle$Holder.invokeStaticInit(java.lang.Object, java.lang.Object)'> (0x0000000089c52fc8) 
thrown [./open/src/hotspot/share/interpreter/linkResolver.cpp, line 782]
Event: 0.358 Thread 0x00000116cd27f540 Exception <a 'java/lang/NoSuchMethodError'{0x0000000089c85790}: 'java.lang.Object java.lang.invoke.DirectMethodHandle$Holder.invokeStatic(java.lang.Object)'> (0x0000000089c85790) 
thrown [./open/src/hotspot/share/interpreter/linkResolver.cpp, line 782]
Event: 0.364 Thread 0x00000116cd27f540 Exception <a 'java/lang/NoSuchMethodError'{0x0000000089c8faf8}: 'java.lang.Object java.lang.invoke.DirectMethodHandle$Holder.invokeStaticInit(java.lang.Object, int, int, int, int)'> (0x0000000089c8faf8) 
thrown [./open/src/hotspot/share/interpreter/linkResolver.cpp, line 782]
Event: 0.701 Thread 0x00000116cd27f540 Exception <a 'java/lang/NoSuchMethodError'{0x0000000089b3a9d8}: 'java.lang.Object java.lang.invoke.DirectMethodHandle$Holder.invokeStaticInit(java.lang.Object, java.lang.Object, int, int, int, int)'> (0x0000000089b3a9d8) 
thrown [./open/src/hotspot/share/interpreter/linkResolver.cpp, line 782]

Events (20 events):
Event: 0.579 loading class sun/nio/fs/WindowsDirectoryStream done
Event: 0.585 Loaded shared library C:\Program Files\Java\jdk-15.0.1\bin\nio.dll
Event: 0.587 loading class sun/nio/fs/WindowsDirectoryStream$WindowsDirectoryIterator
Event: 0.588 loading class sun/nio/fs/WindowsDirectoryStream$WindowsDirectoryIterator done
Event: 0.588 loading class sun/nio/fs/WindowsPath$WindowsPathWithAttributes
Event: 0.588 loading class sun/nio/fs/BasicFileAttributesHolder
Event: 0.588 loading class sun/nio/fs/BasicFileAttributesHolder done
Event: 0.589 loading class sun/nio/fs/WindowsPath$WindowsPathWithAttributes done
Event: 0.698 loading class sun/nio/cs/StringUTF16
Event: 0.699 loading class sun/nio/cs/StringUTF16 done
Event: 0.705 loading class sun/security/provider/AbstractDrbg$NonceProvider
Event: 0.705 loading class sun/security/provider/AbstractDrbg$NonceProvider done
Event: 0.706 loading class sun/security/provider/SHA2$SHA256
Event: 0.706 loading class sun/security/provider/SHA2
Event: 0.706 loading class sun/security/provider/SHA2 done
Event: 0.706 loading class sun/security/provider/SHA2$SHA256 done
Event: 0.708 loading class sun/rmi/transport/tcp/TCPEndpoint
Event: 0.709 loading class sun/rmi/transport/Endpoint
Event: 0.709 loading class sun/rmi/transport/Endpoint done
Event: 0.709 loading class sun/rmi/transport/tcp/TCPEndpoint done


Dynamic libraries:
0x00007ff69df00000 - 0x00007ff69df0f000 	C:\Program Files\Java\jdk-15.0.1\bin\java.exe
0x00007ff8092f0000 - 0x00007ff8094e8000 	C:\WINDOWS\SYSTEM32\ntdll.dll
0x00007ff808d20000 - 0x00007ff808ddd000 	C:\WINDOWS\System32\KERNEL32.DLL
0x00007ff806b70000 - 0x00007ff806e42000 	C:\WINDOWS\System32\KERNELBASE.dll
0x00007ff806a70000 - 0x00007ff806b70000 	C:\WINDOWS\System32\ucrtbase.dll
0x00007ffffee20000 - 0x00007ffffee38000 	C:\Program Files\Java\jdk-15.0.1\bin\jli.dll
0x00007ff808050000 - 0x00007ff8080fe000 	C:\WINDOWS\System32\ADVAPI32.dll
0x00007ff808ad0000 - 0x00007ff808b6e000 	C:\WINDOWS\System32\msvcrt.dll
0x00007ff807710000 - 0x00007ff8077ac000 	C:\WINDOWS\System32\sechost.dll
0x00007ff808b70000 - 0x00007ff808c95000 	C:\WINDOWS\System32\RPCRT4.dll
0x00007ff807570000 - 0x00007ff80770d000 	C:\WINDOWS\System32\USER32.dll
0x00007ff8070f0000 - 0x00007ff807112000 	C:\WINDOWS\System32\win32u.dll
0x00007ff807350000 - 0x00007ff80737b000 	C:\WINDOWS\System32\GDI32.dll
0x00007ff806ee0000 - 0x00007ff806fef000 	C:\WINDOWS\System32\gdi32full.dll
0x00007ffffee00000 - 0x00007ffffee19000 	C:\Program Files\Java\jdk-15.0.1\bin\VCRUNTIME140.dll
0x00007fffed8c0000 - 0x00007fffedb5a000 	C:\WINDOWS\WinSxS\amd64_microsoft.windows.common-controls_6595b64144ccf1df_6.0.19041.1110_none_60b5254171f9507e\COMCTL32.dll
0x00007ff807150000 - 0x00007ff8071ed000 	C:\WINDOWS\System32\msvcp_win.dll
0x00007ffffc680000 - 0x00007ffffc68a000 	C:\WINDOWS\SYSTEM32\VERSION.dll
0x00007ff808f90000 - 0x00007ff808fc0000 	C:\WINDOWS\System32\IMM32.DLL
0x00007ffffe0f0000 - 0x00007ffffe0fc000 	C:\Program Files\Java\jdk-15.0.1\bin\vcruntime140_1.dll
0x00007fffdd6b0000 - 0x00007fffdd741000 	C:\Program Files\Java\jdk-15.0.1\bin\msvcp140.dll
0x00007fff99ac0000 - 0x00007fff9a61e000 	C:\Program Files\Java\jdk-15.0.1\bin\server\jvm.dll
0x00007ff8081b0000 - 0x00007ff8081b8000 	C:\WINDOWS\System32\PSAPI.DLL
0x00007ffffd8d0000 - 0x00007ffffd8d9000 	C:\WINDOWS\SYSTEM32\WSOCK32.dll
0x00007ff808de0000 - 0x00007ff808e4b000 	C:\WINDOWS\System32\WS2_32.dll
0x00007fffe06b0000 - 0x00007fffe06d7000 	C:\WINDOWS\SYSTEM32\WINMM.dll
0x00007ff8047b0000 - 0x00007ff8047c2000 	C:\WINDOWS\SYSTEM32\kernel.appcore.dll
0x00007ffffd520000 - 0x00007ffffd52a000 	C:\Program Files\Java\jdk-15.0.1\bin\jimage.dll
0x00007ff801290000 - 0x00007ff801474000 	C:\WINDOWS\SYSTEM32\DBGHELP.DLL
0x00007ffff1030000 - 0x00007ffff105c000 	C:\WINDOWS\SYSTEM32\dbgcore.DLL
0x00007ff806e50000 - 0x00007ff806ed2000 	C:\WINDOWS\System32\bcryptPrimitives.dll
0x00007ffff3ab0000 - 0x00007ffff3ad5000 	C:\Program Files\Java\jdk-15.0.1\bin\java.dll
0x00007ff8082f0000 - 0x00007ff808a33000 	C:\WINDOWS\System32\SHELL32.dll
0x00007ff8057a0000 - 0x00007ff805f31000 	C:\WINDOWS\SYSTEM32\windows.storage.dll
0x00007ff807cf0000 - 0x00007ff808044000 	C:\WINDOWS\System32\combase.dll
0x00007ff806460000 - 0x00007ff806490000 	C:\WINDOWS\SYSTEM32\Wldp.dll
0x00007ff807c40000 - 0x00007ff807ced000 	C:\WINDOWS\System32\SHCORE.dll
0x00007ff808e50000 - 0x00007ff808ea5000 	C:\WINDOWS\System32\shlwapi.dll
0x00007ff806940000 - 0x00007ff80695f000 	C:\WINDOWS\SYSTEM32\profapi.dll
0x00007ffffd500000 - 0x00007ffffd519000 	C:\Program Files\Java\jdk-15.0.1\bin\net.dll
0x00007ffff9ae0000 - 0x00007ffff9bed000 	C:\WINDOWS\SYSTEM32\WINHTTP.dll
0x00007ff8056d0000 - 0x00007ff80573a000 	C:\WINDOWS\system32\mswsock.dll
0x00007fffef610000 - 0x00007fffef627000 	C:\WINDOWS\system32\napinsp.dll
0x00007fffeefe0000 - 0x00007fffeeffb000 	C:\WINDOWS\system32\pnrpnsp.dll
0x00007ffffdc70000 - 0x00007ffffdc85000 	C:\WINDOWS\system32\wshbth.dll
0x00007ff800000000 - 0x00007ff80001d000 	C:\WINDOWS\system32\NLAapi.dll
0x00007ff805370000 - 0x00007ff8053ab000 	C:\WINDOWS\SYSTEM32\IPHLPAPI.DLL
0x00007ff8053c0000 - 0x00007ff80548a000 	C:\WINDOWS\SYSTEM32\DNSAPI.dll
0x00007ff808fc0000 - 0x00007ff808fc8000 	C:\WINDOWS\System32\NSI.dll
0x00007fffee8c0000 - 0x00007fffee8d2000 	C:\WINDOWS\System32\winrnr.dll
0x00007ffffabb0000 - 0x00007ffffabba000 	C:\Windows\System32\rasadhlp.dll
0x00007ffff8cb0000 - 0x00007ffff8d30000 	C:\WINDOWS\System32\fwpuclnt.dll
0x00007ff807120000 - 0x00007ff807147000 	C:\WINDOWS\System32\bcrypt.dll
0x00007ff8063b0000 - 0x00007ff8063c8000 	C:\WINDOWS\SYSTEM32\CRYPTSP.dll
0x0000000053170000 - 0x0000000053181000 	C:\Program Files\Common Files\Crypto Pro\AppCompat\cpadvai.dll
0x00007ff8071f0000 - 0x00007ff807346000 	C:\WINDOWS\System32\CRYPT32.dll
0x00000000531a0000 - 0x00000000531bf000 	C:\Program Files\Common Files\Crypto Pro\AppCompat\cpcrypt.dll
0x0000000053190000 - 0x0000000053197000 	C:\Program Files\Common Files\Crypto Pro\AppCompat\detoured.dll
0x00007ff804f80000 - 0x00007ff804fb4000 	C:\WINDOWS\system32\rsaenh.dll
0x00007ff806900000 - 0x00007ff80692e000 	C:\WINDOWS\SYSTEM32\USERENV.dll
0x00007ff8063d0000 - 0x00007ff8063dc000 	C:\WINDOWS\SYSTEM32\CRYPTBASE.dll
0x00007ffffbac0000 - 0x00007ffffbad7000 	C:\WINDOWS\SYSTEM32\dhcpcsvc6.DLL
0x00007ffffba40000 - 0x00007ffffba5d000 	C:\WINDOWS\SYSTEM32\dhcpcsvc.DLL
0x00007ffff00f0000 - 0x00007ffff0102000 	C:\Program Files\Java\jdk-15.0.1\bin\nio.dll

dbghelp: loaded successfully - version: 4.0.5 - missing functions: none
symbol engine: initialized successfully - sym options: 0x614 - pdb path: (cannot be retrieved)

VM Arguments:
java_command: PrimeNumberUtils
java_class_path (initial): .
Launcher Type: SUN_STANDARD

[Global flags]
     intx CICompilerCount                          = 4                                         {product} {ergonomic}
     uint ConcGCThreads                            = 2                                         {product} {ergonomic}
     uint G1ConcRefinementThreads                  = 8                                         {product} {ergonomic}
   size_t G1HeapRegionSize                         = 1048576                                   {product} {ergonomic}
    uintx GCDrainStackTargetSize                   = 64                                        {product} {ergonomic}
   size_t InitialHeapSize                          = 134217728                                 {product} {ergonomic}
   size_t MarkStackSize                            = 4194304                                   {product} {ergonomic}
   size_t MaxHeapSize                              = 2116026368                                {product} {ergonomic}
   size_t MaxNewSize                               = 1268776960                                {product} {ergonomic}
   size_t MinHeapDeltaBytes                        = 1048576                                   {product} {ergonomic}
   size_t MinHeapSize                              = 8388608                                   {product} {ergonomic}
    uintx NonNMethodCodeHeapSize                   = 5839372                                {pd product} {ergonomic}
    uintx NonProfiledCodeHeapSize                  = 122909434                              {pd product} {ergonomic}
    uintx ProfiledCodeHeapSize                     = 122909434                              {pd product} {ergonomic}
    uintx ReservedCodeCacheSize                    = 251658240                              {pd product} {ergonomic}
     bool SegmentedCodeCache                       = true                                      {product} {ergonomic}
   size_t SoftMaxHeapSize                          = 2116026368                             {manageable} {ergonomic}
     bool UseCompressedClassPointers               = true                                 {lp64_product} {ergonomic}
     bool UseCompressedOops                        = true                                 {lp64_product} {ergonomic}
     bool UseG1GC                                  = true                                      {product} {ergonomic}
     bool UseLargePagesIndividualAllocation        = false                                  {pd product} {ergonomic}

Logging:
Log output configuration:
 #0: stdout all=warning uptime,level,tags
 #1: stderr all=off uptime,level,tags

Environment Variables:
JAVA_HOME=C:\Program Files\Java\jdk-15.0.1
PATH=D:\Program Files (x86)\CLion 2022.2.4\bin;;C:\Users\limit\AppData\Roaming\npm;C:\Program Files\Java\jdk-15.0.1\bin;C:\big-data\hadoop-3.3.0\bin;
USERNAME=limit
OS=Windows_NT
PROCESSOR_IDENTIFIER=Intel64 Family 6 Model 142 Stepping 10, GenuineIntel



---------------  S Y S T E M  ---------------

OS:
 Windows 10 , 64 bit Build 19041 (10.0.19041.1889)
OS uptime: 0 days 1:17 hours

CPU: total 8 (initial active 8) (4 cores per cpu, 2 threads per core) family 6 model 142 stepping 10 microcode 0xb4, cmov, cx8, fxsr, mmx, sse, sse2, sse3, ssse3, sse4.1, sse4.2, popcnt, vzeroupper, avx, avx2, aes, clmul, erms, 3dnowpref, lzcnt, ht, tsc, tscinvbit, bmi1, bmi2, adx, fma, clflush, clflushopt

Memory: 4k page, system-wide physical 8070M (212M free)
TotalPageFile size 22303M (AvailPageFile size 1M)
current process WorkingSet (physical memory assigned to process): 38M, peak: 38M
current process commit charge ("private bytes"): 217M, peak: 217M

vm_info: Java HotSpot(TM) 64-Bit Server VM (15.0.1+9-18) for windows-amd64 JRE (15.0.1+9-18), built on Sep 15 2020 14:43:54 by "mach5one" with unknown MS VC++:1925

END.
