#
# There is insufficient memory for the Java Runtime Environment to continue.
# Native memory allocation (malloc) failed to allocate 32744 bytes for ChunkPool::allocate
# Possible reasons:
#   The system is out of physical RAM or swap space
#   The process is running with CompressedOops enabled, and the Java Heap may be blocking the growth of the native heap
# Possible solutions:
#   Reduce memory load on the system
#   Increase physical memory or swap space
#   Check if swap backing store is full
#   Decrease Java heap size (-Xmx/-Xms)
#   Decrease number of Java threads
#   Decrease Java thread stack sizes (-Xss)
#   Set larger code cache with -XX:ReservedCodeCacheSize=
#   JVM is running with Unscaled Compressed Oops mode in which the Java heap is
#     placed in the first 4GB address space. The Java Heap base address is the
#     maximum limit for the native heap growth. Please use -XX:HeapBaseMinAddress
#     to set the Java Heap base and to place the Java Heap above 4GB virtual address.
# This output file may be truncated or incomplete.
#
#  Out of Memory Error (./open/src/hotspot/share/memory/arena.cpp:79), pid=18072, tid=18340
#
# JRE version: Java(TM) SE Runtime Environment (15.0.1+9) (build 15.0.1+9-18)
# Java VM: Java HotSpot(TM) 64-Bit Server VM (15.0.1+9-18, mixed mode, sharing, tiered, compressed oops, g1 gc, windows-amd64)
# No core dump will be written. Minidumps are not enabled by default on client versions of Windows
#

---------------  S U M M A R Y ------------

Command Line: PrimeNumberUtils

Host: Intel(R) Core(TM) i5-8250U CPU @ 1.60GHz, 8 cores, 7G,  Windows 10 , 64 bit Build 19041 (10.0.19041.1889)
Time: Sun Nov  6 03:32:43 2022 Central Asia Standard Time elapsed time: 8.627203 seconds (0d 0h 0m 8s)

---------------  T H R E A D  ---------------

Current thread (0x0000024d7fae0500):  JavaThread "C2 CompilerThread0" daemon [_thread_in_native, id=18340, stack(0x000000c257b00000,0x000000c257c00000)]


Current CompileTask:
C2:   8627  600   !   4       java.io.ObjectInputStream::readSerialData (563 bytes)

Stack: [0x000000c257b00000,0x000000c257c00000]
Native frames: (J=compiled Java code, j=interpreted, Vv=VM code, C=native code)
V  [jvm.dll+0x62ae9a]
V  [jvm.dll+0x781389]
V  [jvm.dll+0x782ae3]
V  [jvm.dll+0x783143]
V  [jvm.dll+0x216265]
V  [jvm.dll+0x9828f]
V  [jvm.dll+0x9806d]
V  [jvm.dll+0x609ad4]
V  [jvm.dll+0x6552ba]
V  [jvm.dll+0x18e3ad]
V  [jvm.dll+0x1ea762]
V  [jvm.dll+0x1e98ae]
V  [jvm.dll+0x1784c7]
V  [jvm.dll+0x1f9165]
V  [jvm.dll+0x1f720c]
V  [jvm.dll+0x74485d]
V  [jvm.dll+0x73d65a]
V  [jvm.dll+0x629c56]
C  [ucrtbase.dll+0x21bb2]
C  [KERNEL32.DLL+0x17034]
C  [ntdll.dll+0x526a1]


---------------  P R O C E S S  ---------------

Threads class SMR info:
_java_thread_list=0x0000024d158a5600, length=14, elements={
0x0000024d7fabc7e0, 0x0000024d7fabda60, 0x0000024d7fad7350, 0x0000024d7fadc030,
0x0000024d7fadc8f0, 0x0000024d7fae0500, 0x0000024d7fae0e00, 0x0000024d7fae1700,
0x0000024d157f8120, 0x0000024d1582d080, 0x0000024d15b92660, 0x0000024d15ba0420,
0x0000024d15ba2900, 0x0000024d75f2fba0
}

Java Threads: ( => current thread )
  0x0000024d7fabc7e0 JavaThread "Reference Handler" daemon [_thread_blocked, id=18312, stack(0x000000c257600000,0x000000c257700000)]
  0x0000024d7fabda60 JavaThread "Finalizer" daemon [_thread_blocked, id=18316, stack(0x000000c257700000,0x000000c257800000)]
  0x0000024d7fad7350 JavaThread "Signal Dispatcher" daemon [_thread_blocked, id=18328, stack(0x000000c257800000,0x000000c257900000)]
  0x0000024d7fadc030 JavaThread "Attach Listener" daemon [_thread_blocked, id=18332, stack(0x000000c257900000,0x000000c257a00000)]
  0x0000024d7fadc8f0 JavaThread "Service Thread" daemon [_thread_blocked, id=18336, stack(0x000000c257a00000,0x000000c257b00000)]
=>0x0000024d7fae0500 JavaThread "C2 CompilerThread0" daemon [_thread_in_native, id=18340, stack(0x000000c257b00000,0x000000c257c00000)]
  0x0000024d7fae0e00 JavaThread "C1 CompilerThread0" daemon [_thread_blocked, id=18344, stack(0x000000c257c00000,0x000000c257d00000)]
  0x0000024d7fae1700 JavaThread "Sweeper thread" daemon [_thread_blocked, id=18348, stack(0x000000c257d00000,0x000000c257e00000)]
  0x0000024d157f8120 JavaThread "Notification Thread" daemon [_thread_blocked, id=18360, stack(0x000000c257e00000,0x000000c257f00000)]
  0x0000024d1582d080 JavaThread "Common-Cleaner" daemon [_thread_blocked, id=18376, stack(0x000000c258000000,0x000000c258100000)]
  0x0000024d15b92660 JavaThread "RMI Scheduler(0)" daemon [_thread_blocked, id=19092, stack(0x000000c258100000,0x000000c258200000)]
  0x0000024d15ba0420 JavaThread "RMI RenewClean-[192.168.56.1:64100]" daemon [_thread_blocked, id=19156, stack(0x000000c258200000,0x000000c258300000)]
  0x0000024d15ba2900 JavaThread "RMI GC Daemon" daemon [_thread_in_vm, id=19160, stack(0x000000c258300000,0x000000c258400000)]
  0x0000024d75f2fba0 JavaThread "DestroyJavaVM" [_thread_blocked, id=18208, stack(0x000000c256f00000,0x000000c257000000)]

Other Threads:
  0x0000024d7faba8b0 VMThread "VM Thread" [stack: 0x000000c257500000,0x000000c257600000] [id=18308]
  0x0000024d158205d0 WatcherThread [stack: 0x000000c257f00000,0x000000c258000000] [id=18364]
  0x0000024d75f6fb90 GCTaskThread "GC Thread#0" [stack: 0x000000c257000000,0x000000c257100000] [id=18264]
  0x0000024d75f81840 ConcurrentGCThread "G1 Main Marker" [stack: 0x000000c257100000,0x000000c257200000] [id=18268]
  0x0000024d75f82340 ConcurrentGCThread "G1 Conc#0" [stack: 0x000000c257200000,0x000000c257300000] [id=18272]
  0x0000024d76009d70 ConcurrentGCThread "G1 Refine#0" [stack: 0x000000c257300000,0x000000c257400000] [id=18292]
  0x0000024d7600a880 ConcurrentGCThread "G1 Young RemSet Sampling" [stack: 0x000000c257400000,0x000000c257500000] [id=18296]

Threads with active compile tasks:
C2 CompilerThread0     8666  600   !   4       java.io.ObjectInputStream::readSerialData (563 bytes)

VM state: not at safepoint (normal execution)

VM Mutex/Monitor currently owned by a thread: None

Heap address: 0x0000000081e00000, size: 2018 MB, Compressed Oops mode: 32-bit
CDS archive(s) mapped at: [0x0000000800000000-0x0000000800b50000-0x0000000800b50000), size 11862016, SharedBaseAddress: 0x0000000800000000, ArchiveRelocationMode: 0.
Compressed class space mapped at: 0x0000000800b50000-0x0000000840b50000, size: 1073741824
Narrow klass base: 0x0000000800000000, Narrow klass shift: 3, Narrow klass range: 0x100000000

GC Precious Log:
 CPUs: 8 total, 8 available
 Memory: 8070M
 Large Page Support: Disabled
 NUMA Support: Disabled
 Compressed Oops: Enabled (32-bit)
 Heap Region Size: 1M
 Heap Min Capacity: 8M
 Heap Initial Capacity: 128M
 Heap Max Capacity: 2018M
 Pre-touch: Disabled
 Parallel Workers: 8
 Concurrent Workers: 2
 Concurrent Refinement Workers: 8
 Periodic GC: Disabled

Heap:
 garbage-first heap   total 131072K, used 6144K [0x0000000081e00000, 0x0000000100000000)
  region size 1024K, 7 young (7168K), 0 survivors (0K)
 Metaspace       used 3216K, capacity 4714K, committed 4864K, reserved 1056768K
  class space    used 353K, capacity 445K, committed 512K, reserved 1048576K

Heap Regions: E=young(eden), S=young(survivor), O=old, HS=humongous(starts), HC=humongous(continues), CS=collection set, F=free, OA=open archive, CA=closed archive, TAMS=top-at-mark-start (previous, next)
|   0|0x0000000081e00000, 0x0000000081e00000, 0x0000000081f00000|  0%| F|  |TAMS 0x0000000081e00000, 0x0000000081e00000| Untracked 
|   1|0x0000000081f00000, 0x0000000081f00000, 0x0000000082000000|  0%| F|  |TAMS 0x0000000081f00000, 0x0000000081f00000| Untracked 
|   2|0x0000000082000000, 0x0000000082000000, 0x0000000082100000|  0%| F|  |TAMS 0x0000000082000000, 0x0000000082000000| Untracked 
|   3|0x0000000082100000, 0x0000000082100000, 0x0000000082200000|  0%| F|  |TAMS 0x0000000082100000, 0x0000000082100000| Untracked 
|   4|0x0000000082200000, 0x0000000082200000, 0x0000000082300000|  0%| F|  |TAMS 0x0000000082200000, 0x0000000082200000| Untracked 
|   5|0x0000000082300000, 0x0000000082300000, 0x0000000082400000|  0%| F|  |TAMS 0x0000000082300000, 0x0000000082300000| Untracked 
|   6|0x0000000082400000, 0x0000000082400000, 0x0000000082500000|  0%| F|  |TAMS 0x0000000082400000, 0x0000000082400000| Untracked 
|   7|0x0000000082500000, 0x0000000082500000, 0x0000000082600000|  0%| F|  |TAMS 0x0000000082500000, 0x0000000082500000| Untracked 
|   8|0x0000000082600000, 0x0000000082600000, 0x0000000082700000|  0%| F|  |TAMS 0x0000000082600000, 0x0000000082600000| Untracked 
|   9|0x0000000082700000, 0x0000000082700000, 0x0000000082800000|  0%| F|  |TAMS 0x0000000082700000, 0x0000000082700000| Untracked 
|  10|0x0000000082800000, 0x0000000082800000, 0x0000000082900000|  0%| F|  |TAMS 0x0000000082800000, 0x0000000082800000| Untracked 
|  11|0x0000000082900000, 0x0000000082900000, 0x0000000082a00000|  0%| F|  |TAMS 0x0000000082900000, 0x0000000082900000| Untracked 
|  12|0x0000000082a00000, 0x0000000082a00000, 0x0000000082b00000|  0%| F|  |TAMS 0x0000000082a00000, 0x0000000082a00000| Untracked 
|  13|0x0000000082b00000, 0x0000000082b00000, 0x0000000082c00000|  0%| F|  |TAMS 0x0000000082b00000, 0x0000000082b00000| Untracked 
|  14|0x0000000082c00000, 0x0000000082c00000, 0x0000000082d00000|  0%| F|  |TAMS 0x0000000082c00000, 0x0000000082c00000| Untracked 
|  15|0x0000000082d00000, 0x0000000082d00000, 0x0000000082e00000|  0%| F|  |TAMS 0x0000000082d00000, 0x0000000082d00000| Untracked 
|  16|0x0000000082e00000, 0x0000000082e00000, 0x0000000082f00000|  0%| F|  |TAMS 0x0000000082e00000, 0x0000000082e00000| Untracked 
|  17|0x0000000082f00000, 0x0000000082f00000, 0x0000000083000000|  0%| F|  |TAMS 0x0000000082f00000, 0x0000000082f00000| Untracked 
|  18|0x0000000083000000, 0x0000000083000000, 0x0000000083100000|  0%| F|  |TAMS 0x0000000083000000, 0x0000000083000000| Untracked 
|  19|0x0000000083100000, 0x0000000083100000, 0x0000000083200000|  0%| F|  |TAMS 0x0000000083100000, 0x0000000083100000| Untracked 
|  20|0x0000000083200000, 0x0000000083200000, 0x0000000083300000|  0%| F|  |TAMS 0x0000000083200000, 0x0000000083200000| Untracked 
|  21|0x0000000083300000, 0x0000000083300000, 0x0000000083400000|  0%| F|  |TAMS 0x0000000083300000, 0x0000000083300000| Untracked 
|  22|0x0000000083400000, 0x0000000083400000, 0x0000000083500000|  0%| F|  |TAMS 0x0000000083400000, 0x0000000083400000| Untracked 
|  23|0x0000000083500000, 0x0000000083500000, 0x0000000083600000|  0%| F|  |TAMS 0x0000000083500000, 0x0000000083500000| Untracked 
|  24|0x0000000083600000, 0x0000000083600000, 0x0000000083700000|  0%| F|  |TAMS 0x0000000083600000, 0x0000000083600000| Untracked 
|  25|0x0000000083700000, 0x0000000083700000, 0x0000000083800000|  0%| F|  |TAMS 0x0000000083700000, 0x0000000083700000| Untracked 
|  26|0x0000000083800000, 0x0000000083800000, 0x0000000083900000|  0%| F|  |TAMS 0x0000000083800000, 0x0000000083800000| Untracked 
|  27|0x0000000083900000, 0x0000000083900000, 0x0000000083a00000|  0%| F|  |TAMS 0x0000000083900000, 0x0000000083900000| Untracked 
|  28|0x0000000083a00000, 0x0000000083a00000, 0x0000000083b00000|  0%| F|  |TAMS 0x0000000083a00000, 0x0000000083a00000| Untracked 
|  29|0x0000000083b00000, 0x0000000083b00000, 0x0000000083c00000|  0%| F|  |TAMS 0x0000000083b00000, 0x0000000083b00000| Untracked 
|  30|0x0000000083c00000, 0x0000000083c00000, 0x0000000083d00000|  0%| F|  |TAMS 0x0000000083c00000, 0x0000000083c00000| Untracked 
|  31|0x0000000083d00000, 0x0000000083d00000, 0x0000000083e00000|  0%| F|  |TAMS 0x0000000083d00000, 0x0000000083d00000| Untracked 
|  32|0x0000000083e00000, 0x0000000083e00000, 0x0000000083f00000|  0%| F|  |TAMS 0x0000000083e00000, 0x0000000083e00000| Untracked 
|  33|0x0000000083f00000, 0x0000000083f00000, 0x0000000084000000|  0%| F|  |TAMS 0x0000000083f00000, 0x0000000083f00000| Untracked 
|  34|0x0000000084000000, 0x0000000084000000, 0x0000000084100000|  0%| F|  |TAMS 0x0000000084000000, 0x0000000084000000| Untracked 
|  35|0x0000000084100000, 0x0000000084100000, 0x0000000084200000|  0%| F|  |TAMS 0x0000000084100000, 0x0000000084100000| Untracked 
|  36|0x0000000084200000, 0x0000000084200000, 0x0000000084300000|  0%| F|  |TAMS 0x0000000084200000, 0x0000000084200000| Untracked 
|  37|0x0000000084300000, 0x0000000084300000, 0x0000000084400000|  0%| F|  |TAMS 0x0000000084300000, 0x0000000084300000| Untracked 
|  38|0x0000000084400000, 0x0000000084400000, 0x0000000084500000|  0%| F|  |TAMS 0x0000000084400000, 0x0000000084400000| Untracked 
|  39|0x0000000084500000, 0x0000000084500000, 0x0000000084600000|  0%| F|  |TAMS 0x0000000084500000, 0x0000000084500000| Untracked 
|  40|0x0000000084600000, 0x0000000084600000, 0x0000000084700000|  0%| F|  |TAMS 0x0000000084600000, 0x0000000084600000| Untracked 
|  41|0x0000000084700000, 0x0000000084700000, 0x0000000084800000|  0%| F|  |TAMS 0x0000000084700000, 0x0000000084700000| Untracked 
|  42|0x0000000084800000, 0x0000000084800000, 0x0000000084900000|  0%| F|  |TAMS 0x0000000084800000, 0x0000000084800000| Untracked 
|  43|0x0000000084900000, 0x0000000084900000, 0x0000000084a00000|  0%| F|  |TAMS 0x0000000084900000, 0x0000000084900000| Untracked 
|  44|0x0000000084a00000, 0x0000000084a00000, 0x0000000084b00000|  0%| F|  |TAMS 0x0000000084a00000, 0x0000000084a00000| Untracked 
|  45|0x0000000084b00000, 0x0000000084b00000, 0x0000000084c00000|  0%| F|  |TAMS 0x0000000084b00000, 0x0000000084b00000| Untracked 
|  46|0x0000000084c00000, 0x0000000084c00000, 0x0000000084d00000|  0%| F|  |TAMS 0x0000000084c00000, 0x0000000084c00000| Untracked 
|  47|0x0000000084d00000, 0x0000000084d00000, 0x0000000084e00000|  0%| F|  |TAMS 0x0000000084d00000, 0x0000000084d00000| Untracked 
|  48|0x0000000084e00000, 0x0000000084e00000, 0x0000000084f00000|  0%| F|  |TAMS 0x0000000084e00000, 0x0000000084e00000| Untracked 
|  49|0x0000000084f00000, 0x0000000084f00000, 0x0000000085000000|  0%| F|  |TAMS 0x0000000084f00000, 0x0000000084f00000| Untracked 
|  50|0x0000000085000000, 0x0000000085000000, 0x0000000085100000|  0%| F|  |TAMS 0x0000000085000000, 0x0000000085000000| Untracked 
|  51|0x0000000085100000, 0x0000000085100000, 0x0000000085200000|  0%| F|  |TAMS 0x0000000085100000, 0x0000000085100000| Untracked 
|  52|0x0000000085200000, 0x0000000085200000, 0x0000000085300000|  0%| F|  |TAMS 0x0000000085200000, 0x0000000085200000| Untracked 
|  53|0x0000000085300000, 0x0000000085300000, 0x0000000085400000|  0%| F|  |TAMS 0x0000000085300000, 0x0000000085300000| Untracked 
|  54|0x0000000085400000, 0x0000000085400000, 0x0000000085500000|  0%| F|  |TAMS 0x0000000085400000, 0x0000000085400000| Untracked 
|  55|0x0000000085500000, 0x0000000085500000, 0x0000000085600000|  0%| F|  |TAMS 0x0000000085500000, 0x0000000085500000| Untracked 
|  56|0x0000000085600000, 0x0000000085600000, 0x0000000085700000|  0%| F|  |TAMS 0x0000000085600000, 0x0000000085600000| Untracked 
|  57|0x0000000085700000, 0x0000000085700000, 0x0000000085800000|  0%| F|  |TAMS 0x0000000085700000, 0x0000000085700000| Untracked 
|  58|0x0000000085800000, 0x0000000085800000, 0x0000000085900000|  0%| F|  |TAMS 0x0000000085800000, 0x0000000085800000| Untracked 
|  59|0x0000000085900000, 0x0000000085900000, 0x0000000085a00000|  0%| F|  |TAMS 0x0000000085900000, 0x0000000085900000| Untracked 
|  60|0x0000000085a00000, 0x0000000085a00000, 0x0000000085b00000|  0%| F|  |TAMS 0x0000000085a00000, 0x0000000085a00000| Untracked 
|  61|0x0000000085b00000, 0x0000000085b00000, 0x0000000085c00000|  0%| F|  |TAMS 0x0000000085b00000, 0x0000000085b00000| Untracked 
|  62|0x0000000085c00000, 0x0000000085c00000, 0x0000000085d00000|  0%| F|  |TAMS 0x0000000085c00000, 0x0000000085c00000| Untracked 
|  63|0x0000000085d00000, 0x0000000085d00000, 0x0000000085e00000|  0%| F|  |TAMS 0x0000000085d00000, 0x0000000085d00000| Untracked 
|  64|0x0000000085e00000, 0x0000000085e00000, 0x0000000085f00000|  0%| F|  |TAMS 0x0000000085e00000, 0x0000000085e00000| Untracked 
|  65|0x0000000085f00000, 0x0000000085f00000, 0x0000000086000000|  0%| F|  |TAMS 0x0000000085f00000, 0x0000000085f00000| Untracked 
|  66|0x0000000086000000, 0x0000000086000000, 0x0000000086100000|  0%| F|  |TAMS 0x0000000086000000, 0x0000000086000000| Untracked 
|  67|0x0000000086100000, 0x0000000086100000, 0x0000000086200000|  0%| F|  |TAMS 0x0000000086100000, 0x0000000086100000| Untracked 
|  68|0x0000000086200000, 0x0000000086200000, 0x0000000086300000|  0%| F|  |TAMS 0x0000000086200000, 0x0000000086200000| Untracked 
|  69|0x0000000086300000, 0x0000000086300000, 0x0000000086400000|  0%| F|  |TAMS 0x0000000086300000, 0x0000000086300000| Untracked 
|  70|0x0000000086400000, 0x0000000086400000, 0x0000000086500000|  0%| F|  |TAMS 0x0000000086400000, 0x0000000086400000| Untracked 
|  71|0x0000000086500000, 0x0000000086500000, 0x0000000086600000|  0%| F|  |TAMS 0x0000000086500000, 0x0000000086500000| Untracked 
|  72|0x0000000086600000, 0x0000000086600000, 0x0000000086700000|  0%| F|  |TAMS 0x0000000086600000, 0x0000000086600000| Untracked 
|  73|0x0000000086700000, 0x0000000086700000, 0x0000000086800000|  0%| F|  |TAMS 0x0000000086700000, 0x0000000086700000| Untracked 
|  74|0x0000000086800000, 0x0000000086800000, 0x0000000086900000|  0%| F|  |TAMS 0x0000000086800000, 0x0000000086800000| Untracked 
|  75|0x0000000086900000, 0x0000000086900000, 0x0000000086a00000|  0%| F|  |TAMS 0x0000000086900000, 0x0000000086900000| Untracked 
|  76|0x0000000086a00000, 0x0000000086a00000, 0x0000000086b00000|  0%| F|  |TAMS 0x0000000086a00000, 0x0000000086a00000| Untracked 
|  77|0x0000000086b00000, 0x0000000086b00000, 0x0000000086c00000|  0%| F|  |TAMS 0x0000000086b00000, 0x0000000086b00000| Untracked 
|  78|0x0000000086c00000, 0x0000000086c00000, 0x0000000086d00000|  0%| F|  |TAMS 0x0000000086c00000, 0x0000000086c00000| Untracked 
|  79|0x0000000086d00000, 0x0000000086d00000, 0x0000000086e00000|  0%| F|  |TAMS 0x0000000086d00000, 0x0000000086d00000| Untracked 
|  80|0x0000000086e00000, 0x0000000086e00000, 0x0000000086f00000|  0%| F|  |TAMS 0x0000000086e00000, 0x0000000086e00000| Untracked 
|  81|0x0000000086f00000, 0x0000000086f00000, 0x0000000087000000|  0%| F|  |TAMS 0x0000000086f00000, 0x0000000086f00000| Untracked 
|  82|0x0000000087000000, 0x0000000087000000, 0x0000000087100000|  0%| F|  |TAMS 0x0000000087000000, 0x0000000087000000| Untracked 
|  83|0x0000000087100000, 0x0000000087100000, 0x0000000087200000|  0%| F|  |TAMS 0x0000000087100000, 0x0000000087100000| Untracked 
|  84|0x0000000087200000, 0x0000000087200000, 0x0000000087300000|  0%| F|  |TAMS 0x0000000087200000, 0x0000000087200000| Untracked 
|  85|0x0000000087300000, 0x0000000087300000, 0x0000000087400000|  0%| F|  |TAMS 0x0000000087300000, 0x0000000087300000| Untracked 
|  86|0x0000000087400000, 0x0000000087400000, 0x0000000087500000|  0%| F|  |TAMS 0x0000000087400000, 0x0000000087400000| Untracked 
|  87|0x0000000087500000, 0x0000000087500000, 0x0000000087600000|  0%| F|  |TAMS 0x0000000087500000, 0x0000000087500000| Untracked 
|  88|0x0000000087600000, 0x0000000087600000, 0x0000000087700000|  0%| F|  |TAMS 0x0000000087600000, 0x0000000087600000| Untracked 
|  89|0x0000000087700000, 0x0000000087700000, 0x0000000087800000|  0%| F|  |TAMS 0x0000000087700000, 0x0000000087700000| Untracked 
|  90|0x0000000087800000, 0x0000000087800000, 0x0000000087900000|  0%| F|  |TAMS 0x0000000087800000, 0x0000000087800000| Untracked 
|  91|0x0000000087900000, 0x0000000087900000, 0x0000000087a00000|  0%| F|  |TAMS 0x0000000087900000, 0x0000000087900000| Untracked 
|  92|0x0000000087a00000, 0x0000000087a00000, 0x0000000087b00000|  0%| F|  |TAMS 0x0000000087a00000, 0x0000000087a00000| Untracked 
|  93|0x0000000087b00000, 0x0000000087b00000, 0x0000000087c00000|  0%| F|  |TAMS 0x0000000087b00000, 0x0000000087b00000| Untracked 
|  94|0x0000000087c00000, 0x0000000087c00000, 0x0000000087d00000|  0%| F|  |TAMS 0x0000000087c00000, 0x0000000087c00000| Untracked 
|  95|0x0000000087d00000, 0x0000000087d00000, 0x0000000087e00000|  0%| F|  |TAMS 0x0000000087d00000, 0x0000000087d00000| Untracked 
|  96|0x0000000087e00000, 0x0000000087e00000, 0x0000000087f00000|  0%| F|  |TAMS 0x0000000087e00000, 0x0000000087e00000| Untracked 
|  97|0x0000000087f00000, 0x0000000087f00000, 0x0000000088000000|  0%| F|  |TAMS 0x0000000087f00000, 0x0000000087f00000| Untracked 
|  98|0x0000000088000000, 0x0000000088000000, 0x0000000088100000|  0%| F|  |TAMS 0x0000000088000000, 0x0000000088000000| Untracked 
|  99|0x0000000088100000, 0x0000000088100000, 0x0000000088200000|  0%| F|  |TAMS 0x0000000088100000, 0x0000000088100000| Untracked 
| 100|0x0000000088200000, 0x0000000088200000, 0x0000000088300000|  0%| F|  |TAMS 0x0000000088200000, 0x0000000088200000| Untracked 
| 101|0x0000000088300000, 0x0000000088300000, 0x0000000088400000|  0%| F|  |TAMS 0x0000000088300000, 0x0000000088300000| Untracked 
| 102|0x0000000088400000, 0x0000000088400000, 0x0000000088500000|  0%| F|  |TAMS 0x0000000088400000, 0x0000000088400000| Untracked 
| 103|0x0000000088500000, 0x0000000088500000, 0x0000000088600000|  0%| F|  |TAMS 0x0000000088500000, 0x0000000088500000| Untracked 
| 104|0x0000000088600000, 0x0000000088600000, 0x0000000088700000|  0%| F|  |TAMS 0x0000000088600000, 0x0000000088600000| Untracked 
| 105|0x0000000088700000, 0x0000000088700000, 0x0000000088800000|  0%| F|  |TAMS 0x0000000088700000, 0x0000000088700000| Untracked 
| 106|0x0000000088800000, 0x0000000088800000, 0x0000000088900000|  0%| F|  |TAMS 0x0000000088800000, 0x0000000088800000| Untracked 
| 107|0x0000000088900000, 0x0000000088900000, 0x0000000088a00000|  0%| F|  |TAMS 0x0000000088900000, 0x0000000088900000| Untracked 
| 108|0x0000000088a00000, 0x0000000088a00000, 0x0000000088b00000|  0%| F|  |TAMS 0x0000000088a00000, 0x0000000088a00000| Untracked 
| 109|0x0000000088b00000, 0x0000000088b00000, 0x0000000088c00000|  0%| F|  |TAMS 0x0000000088b00000, 0x0000000088b00000| Untracked 
| 110|0x0000000088c00000, 0x0000000088c00000, 0x0000000088d00000|  0%| F|  |TAMS 0x0000000088c00000, 0x0000000088c00000| Untracked 
| 111|0x0000000088d00000, 0x0000000088d00000, 0x0000000088e00000|  0%| F|  |TAMS 0x0000000088d00000, 0x0000000088d00000| Untracked 
| 112|0x0000000088e00000, 0x0000000088e00000, 0x0000000088f00000|  0%| F|  |TAMS 0x0000000088e00000, 0x0000000088e00000| Untracked 
| 113|0x0000000088f00000, 0x0000000088f00000, 0x0000000089000000|  0%| F|  |TAMS 0x0000000088f00000, 0x0000000088f00000| Untracked 
| 114|0x0000000089000000, 0x0000000089000000, 0x0000000089100000|  0%| F|  |TAMS 0x0000000089000000, 0x0000000089000000| Untracked 
| 115|0x0000000089100000, 0x0000000089100000, 0x0000000089200000|  0%| F|  |TAMS 0x0000000089100000, 0x0000000089100000| Untracked 
| 116|0x0000000089200000, 0x0000000089200000, 0x0000000089300000|  0%| F|  |TAMS 0x0000000089200000, 0x0000000089200000| Untracked 
| 117|0x0000000089300000, 0x0000000089300000, 0x0000000089400000|  0%| F|  |TAMS 0x0000000089300000, 0x0000000089300000| Untracked 
| 118|0x0000000089400000, 0x0000000089400000, 0x0000000089500000|  0%| F|  |TAMS 0x0000000089400000, 0x0000000089400000| Untracked 
| 119|0x0000000089500000, 0x0000000089500000, 0x0000000089600000|  0%| F|  |TAMS 0x0000000089500000, 0x0000000089500000| Untracked 
| 120|0x0000000089600000, 0x0000000089600000, 0x0000000089700000|  0%| F|  |TAMS 0x0000000089600000, 0x0000000089600000| Untracked 
| 121|0x0000000089700000, 0x0000000089800000, 0x0000000089800000|100%| E|  |TAMS 0x0000000089700000, 0x0000000089700000| Complete 
| 122|0x0000000089800000, 0x0000000089900000, 0x0000000089900000|100%| E|CS|TAMS 0x0000000089800000, 0x0000000089800000| Complete 
| 123|0x0000000089900000, 0x0000000089a00000, 0x0000000089a00000|100%| E|CS|TAMS 0x0000000089900000, 0x0000000089900000| Complete 
| 124|0x0000000089a00000, 0x0000000089b00000, 0x0000000089b00000|100%| E|CS|TAMS 0x0000000089a00000, 0x0000000089a00000| Complete 
| 125|0x0000000089b00000, 0x0000000089c00000, 0x0000000089c00000|100%| E|CS|TAMS 0x0000000089b00000, 0x0000000089b00000| Complete 
| 126|0x0000000089c00000, 0x0000000089d00000, 0x0000000089d00000|100%| E|CS|TAMS 0x0000000089c00000, 0x0000000089c00000| Complete 
| 127|0x0000000089d00000, 0x0000000089e00000, 0x0000000089e00000|100%| E|CS|TAMS 0x0000000089d00000, 0x0000000089d00000| Complete 

Card table byte_map: [0x0000024d7e8a0000,0x0000024d7eca0000] _byte_map_base: 0x0000024d7e491000

Marking Bits (Prev, Next): (CMBitMap*) 0x0000024d75f712a0, (CMBitMap*) 0x0000024d75f712e0
 Prev Bits: [0x0000024d0f000000, 0x0000024d10f88000)
 Next Bits: [0x0000024d10f90000, 0x0000024d12f18000)

Polling page: 0x0000024d73ea0000

Metaspace:

Usage:
  Non-class:      4.17 MB capacity,     2.80 MB ( 67%) used,     1.36 MB ( 33%) free+waste,     7.88 KB ( <1%) overhead. 
      Class:    445.00 KB capacity,   353.14 KB ( 79%) used,    88.11 KB ( 20%) free+waste,     3.75 KB ( <1%) overhead. 
       Both:      4.60 MB capacity,     3.14 MB ( 68%) used,     1.45 MB ( 32%) free+waste,    11.62 KB ( <1%) overhead. 

Virtual space:
  Non-class space:        8.00 MB reserved,       4.25 MB ( 53%) committed 
      Class space:        1.00 GB reserved,     512.00 KB ( <1%) committed 
             Both:        1.01 GB reserved,       4.75 MB ( <1%) committed 

Chunk freelists:
   Non-Class:  3.00 KB
       Class:  0 bytes
        Both:  3.00 KB

MaxMetaspaceSize: 17179869184.00 GB
CompressedClassSpaceSize: 1.00 GB

CodeHeap 'non-profiled nmethods': size=120000Kb used=173Kb max_used=173Kb free=119826Kb
 bounds [0x0000024d07ad0000, 0x0000024d07d40000, 0x0000024d0f000000]
CodeHeap 'profiled nmethods': size=120000Kb used=947Kb max_used=947Kb free=119052Kb
 bounds [0x0000024d005a0000, 0x0000024d00810000, 0x0000024d07ad0000]
CodeHeap 'non-nmethods': size=5760Kb used=1149Kb max_used=1163Kb free=4610Kb
 bounds [0x0000024d00000000, 0x0000024d00270000, 0x0000024d005a0000]
 total_blobs=1004 nmethods=602 adapters=315
 compilation: enabled
              stopped_count=0, restarted_count=0
 full_count=0

Compilation events (20 events):
Event: 8.517 Thread 0x0000024d7fae0e00 nmethod 589 0x0000024d00685e90 code [0x0000024d006862a0, 0x0000024d00687df8]
Event: 8.517 Thread 0x0000024d7fae0e00  592       3       java.io.ObjectInputStream$BlockDataInputStream::read (138 bytes)
Event: 8.518 Thread 0x0000024d7fae0e00 nmethod 592 0x0000024d00688e10 code [0x0000024d00689020, 0x0000024d006896e8]
Event: 8.518 Thread 0x0000024d7fae0e00  575   !   3       jdk.internal.reflect.GeneratedSerializationConstructorAccessor12::newInstance (49 bytes)
Event: 8.518 Thread 0x0000024d7fae0e00 nmethod 575 0x0000024d00689910 code [0x0000024d00689ae0, 0x0000024d00689f08]
Event: 8.518 Thread 0x0000024d7fae0e00  546       1       java.io.ObjectInputStream$HandleTable::size (5 bytes)
Event: 8.519 Thread 0x0000024d7fae0e00 nmethod 546 0x0000024d07afac10 code [0x0000024d07afada0, 0x0000024d07afae58]
Event: 8.519 Thread 0x0000024d7fae0e00  585       3       java.io.ObjectInputStream$BlockDataInputStream::readInt (73 bytes)
Event: 8.519 Thread 0x0000024d7fae0e00 nmethod 585 0x0000024d0068a110 code [0x0000024d0068a2e0, 0x0000024d0068a568]
Event: 8.519 Thread 0x0000024d7fae0e00  595       3       java.io.ObjectInputStream::readHandle (141 bytes)
Event: 8.521 Thread 0x0000024d7fae0e00 nmethod 595 0x0000024d0068a690 code [0x0000024d0068a980, 0x0000024d0068b828]
Event: 8.521 Thread 0x0000024d7fae0e00  596       3       java.io.ObjectInputStream$HandleTable::lookupObject (26 bytes)
Event: 8.522 Thread 0x0000024d7fae0e00 nmethod 596 0x0000024d0068be10 code [0x0000024d0068bfc0, 0x0000024d0068c1b8]
Event: 8.522 Thread 0x0000024d7fae0e00  597       3       java.io.ObjectStreamClass::checkInitialized (19 bytes)
Event: 8.522 Thread 0x0000024d7fae0e00 nmethod 597 0x0000024d0068c310 code [0x0000024d0068c4c0, 0x0000024d0068c688]
Event: 8.524 Thread 0x0000024d7fae0500  600   !   4       java.io.ObjectInputStream::readSerialData (563 bytes)
Event: 8.572 Thread 0x0000024d7fae0e00  613       1       java.lang.Long::longValue (5 bytes)
Event: 8.572 Thread 0x0000024d7fae0e00 nmethod 613 0x0000024d07afaf10 code [0x0000024d07afb0a0, 0x0000024d07afb158]
Event: 8.572 Thread 0x0000024d7fae0e00  614       3       java.lang.Long::valueOf (40 bytes)
Event: 8.573 Thread 0x0000024d7fae0e00 nmethod 614 0x0000024d0068c790 code [0x0000024d0068c940, 0x0000024d0068cc78]

GC Heap History (0 events):
No events

Deoptimization events (4 events):
Event: 0.203 Thread 0x0000024d75f2fba0 Uncommon trap: trap_request=0xffffff45 fr.pc=0x0000024d07ad4548 relative=0x0000000000000228
Event: 0.203 Thread 0x0000024d75f2fba0 Uncommon trap: reason=unstable_if action=reinterpret pc=0x0000024d07ad4548 method=java.lang.String.hashCode()I @ 13 c2
Event: 0.203 Thread 0x0000024d75f2fba0 DEOPT PACKING pc=0x0000024d07ad4548 sp=0x000000c256ffddf0
Event: 0.204 Thread 0x0000024d75f2fba0 DEOPT UNPACKING pc=0x0000024d0004e42f sp=0x000000c256ffdd80 mode 2

Classes unloaded (0 events):
No events

Classes redefined (0 events):
No events

Internal exceptions (12 events):
Event: 0.339 Thread 0x0000024d75f2fba0 Exception <a 'java/lang/NoSuchMethodError'{0x0000000089c4d718}: 'void java.lang.invoke.DirectMethodHandle$Holder.invokeStatic(java.lang.Object, java.lang.Object)'> (0x0000000089c4d718) 
thrown [./open/src/hotspot/share/interpreter/linkResolver.cpp, line 782]
Event: 0.347 Thread 0x0000024d75f2fba0 Exception <a 'java/lang/NoSuchMethodError'{0x0000000089c532d0}: 'void java.lang.invoke.DirectMethodHandle$Holder.invokeStaticInit(java.lang.Object, java.lang.Object)'> (0x0000000089c532d0) 
thrown [./open/src/hotspot/share/interpreter/linkResolver.cpp, line 782]
Event: 0.410 Thread 0x0000024d75f2fba0 Exception <a 'java/lang/NoSuchMethodError'{0x0000000089c85ab0}: 'java.lang.Object java.lang.invoke.DirectMethodHandle$Holder.invokeStatic(java.lang.Object)'> (0x0000000089c85ab0) 
thrown [./open/src/hotspot/share/interpreter/linkResolver.cpp, line 782]
Event: 0.429 Thread 0x0000024d75f2fba0 Exception <a 'java/lang/NoSuchMethodError'{0x0000000089c8fe18}: 'java.lang.Object java.lang.invoke.DirectMethodHandle$Holder.invokeStaticInit(java.lang.Object, int, int, int, int)'> (0x0000000089c8fe18) 
thrown [./open/src/hotspot/share/interpreter/linkResolver.cpp, line 782]
Event: 0.857 Thread 0x0000024d75f2fba0 Exception <a 'java/lang/NoSuchMethodError'{0x0000000089b3abf8}: 'java.lang.Object java.lang.invoke.DirectMethodHandle$Holder.invokeStaticInit(java.lang.Object, java.lang.Object, int, int, int, int)'> (0x0000000089b3abf8) 
thrown [./open/src/hotspot/share/interpreter/linkResolver.cpp, line 782]
Event: 0.869 Thread 0x0000024d75f2fba0 Exception <a 'java/lang/NoSuchMethodError'{0x0000000089b438c0}: 'java.lang.Object java.lang.invoke.DirectMethodHandle$Holder.invokeStaticInit(java.lang.Object)'> (0x0000000089b438c0) 
thrown [./open/src/hotspot/share/interpreter/linkResolver.cpp, line 782]
Event: 0.956 Thread 0x0000024d75f2fba0 Exception <a 'java/lang/NoSuchMethodError'{0x0000000089b7ae48}: 'void java.lang.invoke.DirectMethodHandle$Holder.invokeSpecial(java.lang.Object, java.lang.Object, java.lang.Object)'> (0x0000000089b7ae48) 
thrown [./open/src/hotspot/share/interpreter/linkResolver.cpp, line 782]
Event: 8.332 Thread 0x0000024d75f2fba0 Exception <a 'java/lang/NoSuchMethodError'{0x0000000089ac9d98}: static [Ljava/rmi/server/ObjID;.<clinit>()V> (0x0000000089ac9d98) 
thrown [./open/src/hotspot/share/prims/jni.cpp, line 1204]
Event: 8.371 Thread 0x0000024d75f2fba0 Exception <a 'java/lang/NoSuchMethodError'{0x0000000089ae0dc0}: static [B.<clinit>()V> (0x0000000089ae0dc0) 
thrown [./open/src/hotspot/share/prims/jni.cpp, line 1204]
Event: 8.396 Thread 0x0000024d15ba0420 Exception <a 'java/lang/InterruptedException'{0x0000000089976440}> (0x0000000089976440) 
thrown [./open/src/hotspot/share/runtime/objectMonitor.cpp, line 1545]
Event: 8.406 Thread 0x0000024d15ba0420 Exception <a 'java/lang/NoSuchMethodError'{0x000000008997f1d0}: 'java.lang.Object java.lang.invoke.DirectMethodHandle$Holder.newInvokeSpecial(java.lang.Object, java.lang.Object, int, java.lang.Object, long)'> (0x000000008997f1d0) 
thrown [./open/src/hotspot/share/interpreter/linkResolver.cpp, line 782]
Event: 8.418 Thread 0x0000024d75f2fba0 Exception <a 'java/lang/NoSuchMethodError'{0x0000000089930a98}: static LPrimeObject;.<clinit>()V> (0x0000000089930a98) 
thrown [./open/src/hotspot/share/prims/jni.cpp, line 1204]

Events (20 events):
Event: 8.403 loading class sun/rmi/transport/DGCImpl$2$1
Event: 8.403 loading class sun/rmi/transport/DGCImpl$2$1 done
Event: 8.403 loading class sun/rmi/transport/Target
Event: 8.404 loading class sun/rmi/transport/Target done
Event: 8.404 loading class sun/rmi/transport/WeakRef
Event: 8.404 loading class sun/rmi/transport/WeakRef done
Event: 8.405 loading class sun/rmi/transport/ObjectTable
Event: 8.405 loading class sun/rmi/transport/ObjectTable done
Event: 8.407 loading class sun/rmi/transport/ObjectEndpoint
Event: 8.407 loading class sun/rmi/transport/ObjectEndpoint done
Event: 8.410 loading class sun/rmi/server/WeakClassHashMap$ValueCell
Event: 8.410 loading class sun/rmi/server/WeakClassHashMap$ValueCell done
Event: 8.410 loading class java/rmi/server/RemoteObjectInvocationHandler$MethodToHash_Maps$1
Event: 8.410 loading class java/rmi/server/RemoteObjectInvocationHandler$MethodToHash_Maps$1 done
Event: 8.410 loading class java/security/DigestOutputStream
Event: 8.410 loading class java/security/DigestOutputStream done
Event: 8.420 loading class java/lang/NumberFormatException
Event: 8.420 loading class java/lang/NumberFormatException done
Event: 8.452 loading class java/util/function/UnaryOperator
Event: 8.452 loading class java/util/function/UnaryOperator done


Dynamic libraries:
0x00007ff69df00000 - 0x00007ff69df0f000 	C:\Program Files\Java\jdk-15.0.1\bin\java.exe
0x00007ff8092f0000 - 0x00007ff8094e8000 	C:\WINDOWS\SYSTEM32\ntdll.dll
0x00007ff808d20000 - 0x00007ff808ddd000 	C:\WINDOWS\System32\KERNEL32.DLL
0x00007ff806b70000 - 0x00007ff806e42000 	C:\WINDOWS\System32\KERNELBASE.dll
0x00007ff806a70000 - 0x00007ff806b70000 	C:\WINDOWS\System32\ucrtbase.dll
0x00007ffffee20000 - 0x00007ffffee38000 	C:\Program Files\Java\jdk-15.0.1\bin\jli.dll
0x00007ff808050000 - 0x00007ff8080fe000 	C:\WINDOWS\System32\ADVAPI32.dll
0x00007ff808ad0000 - 0x00007ff808b6e000 	C:\WINDOWS\System32\msvcrt.dll
0x00007ff807710000 - 0x00007ff8077ac000 	C:\WINDOWS\System32\sechost.dll
0x00007ff808b70000 - 0x00007ff808c95000 	C:\WINDOWS\System32\RPCRT4.dll
0x00007ff807570000 - 0x00007ff80770d000 	C:\WINDOWS\System32\USER32.dll
0x00007ff8070f0000 - 0x00007ff807112000 	C:\WINDOWS\System32\win32u.dll
0x00007ff807350000 - 0x00007ff80737b000 	C:\WINDOWS\System32\GDI32.dll
0x00007ff806ee0000 - 0x00007ff806fef000 	C:\WINDOWS\System32\gdi32full.dll
0x00007ff807150000 - 0x00007ff8071ed000 	C:\WINDOWS\System32\msvcp_win.dll
0x00007ffffee00000 - 0x00007ffffee19000 	C:\Program Files\Java\jdk-15.0.1\bin\VCRUNTIME140.dll
0x00007ffffc680000 - 0x00007ffffc68a000 	C:\WINDOWS\SYSTEM32\VERSION.dll
0x00007fffed8c0000 - 0x00007fffedb5a000 	C:\WINDOWS\WinSxS\amd64_microsoft.windows.common-controls_6595b64144ccf1df_6.0.19041.1110_none_60b5254171f9507e\COMCTL32.dll
0x00007ff808f90000 - 0x00007ff808fc0000 	C:\WINDOWS\System32\IMM32.DLL
0x00007ffffe0f0000 - 0x00007ffffe0fc000 	C:\Program Files\Java\jdk-15.0.1\bin\vcruntime140_1.dll
0x00007fffdd6b0000 - 0x00007fffdd741000 	C:\Program Files\Java\jdk-15.0.1\bin\msvcp140.dll
0x00007fff99ac0000 - 0x00007fff9a61e000 	C:\Program Files\Java\jdk-15.0.1\bin\server\jvm.dll
0x00007ff8081b0000 - 0x00007ff8081b8000 	C:\WINDOWS\System32\PSAPI.DLL
0x00007ffffd8d0000 - 0x00007ffffd8d9000 	C:\WINDOWS\SYSTEM32\WSOCK32.dll
0x00007ff808de0000 - 0x00007ff808e4b000 	C:\WINDOWS\System32\WS2_32.dll
0x00007fffe06b0000 - 0x00007fffe06d7000 	C:\WINDOWS\SYSTEM32\WINMM.dll
0x00007ff8047b0000 - 0x00007ff8047c2000 	C:\WINDOWS\SYSTEM32\kernel.appcore.dll
0x00007ffffd520000 - 0x00007ffffd52a000 	C:\Program Files\Java\jdk-15.0.1\bin\jimage.dll
0x00007ff801290000 - 0x00007ff801474000 	C:\WINDOWS\SYSTEM32\DBGHELP.DLL
0x00007ffff1030000 - 0x00007ffff105c000 	C:\WINDOWS\SYSTEM32\dbgcore.DLL
0x00007ff806e50000 - 0x00007ff806ed2000 	C:\WINDOWS\System32\bcryptPrimitives.dll
0x00007ffff3ab0000 - 0x00007ffff3ad5000 	C:\Program Files\Java\jdk-15.0.1\bin\java.dll
0x00007ff8082f0000 - 0x00007ff808a33000 	C:\WINDOWS\System32\SHELL32.dll
0x00007ff8057a0000 - 0x00007ff805f31000 	C:\WINDOWS\SYSTEM32\windows.storage.dll
0x00007ff807cf0000 - 0x00007ff808044000 	C:\WINDOWS\System32\combase.dll
0x00007ff806460000 - 0x00007ff806490000 	C:\WINDOWS\SYSTEM32\Wldp.dll
0x00007ff807c40000 - 0x00007ff807ced000 	C:\WINDOWS\System32\SHCORE.dll
0x00007ff808e50000 - 0x00007ff808ea5000 	C:\WINDOWS\System32\shlwapi.dll
0x00007ff806940000 - 0x00007ff80695f000 	C:\WINDOWS\SYSTEM32\profapi.dll
0x00007ffffd500000 - 0x00007ffffd519000 	C:\Program Files\Java\jdk-15.0.1\bin\net.dll
0x00007ffff9ae0000 - 0x00007ffff9bed000 	C:\WINDOWS\SYSTEM32\WINHTTP.dll
0x00007ff8056d0000 - 0x00007ff80573a000 	C:\WINDOWS\system32\mswsock.dll
0x00007fffef610000 - 0x00007fffef627000 	C:\WINDOWS\system32\napinsp.dll
0x00007fffeefe0000 - 0x00007fffeeffb000 	C:\WINDOWS\system32\pnrpnsp.dll
0x00007ffffdc70000 - 0x00007ffffdc85000 	C:\WINDOWS\system32\wshbth.dll
0x00007ff800000000 - 0x00007ff80001d000 	C:\WINDOWS\system32\NLAapi.dll
0x00007ff805370000 - 0x00007ff8053ab000 	C:\WINDOWS\SYSTEM32\IPHLPAPI.DLL
0x00007ff8053c0000 - 0x00007ff80548a000 	C:\WINDOWS\SYSTEM32\DNSAPI.dll
0x00007ff808fc0000 - 0x00007ff808fc8000 	C:\WINDOWS\System32\NSI.dll
0x00007fffee8c0000 - 0x00007fffee8d2000 	C:\WINDOWS\System32\winrnr.dll
0x00007ffffabb0000 - 0x00007ffffabba000 	C:\Windows\System32\rasadhlp.dll
0x00007ffff8cb0000 - 0x00007ffff8d30000 	C:\WINDOWS\System32\fwpuclnt.dll
0x00007ff807120000 - 0x00007ff807147000 	C:\WINDOWS\System32\bcrypt.dll
0x00007ff8063b0000 - 0x00007ff8063c8000 	C:\WINDOWS\SYSTEM32\CRYPTSP.dll
0x0000000053170000 - 0x0000000053181000 	C:\Program Files\Common Files\Crypto Pro\AppCompat\cpadvai.dll
0x00007ff8071f0000 - 0x00007ff807346000 	C:\WINDOWS\System32\CRYPT32.dll
0x00000000531a0000 - 0x00000000531bf000 	C:\Program Files\Common Files\Crypto Pro\AppCompat\cpcrypt.dll
0x0000000053190000 - 0x0000000053197000 	C:\Program Files\Common Files\Crypto Pro\AppCompat\detoured.dll
0x00007ff804f80000 - 0x00007ff804fb4000 	C:\WINDOWS\system32\rsaenh.dll
0x00007ff806900000 - 0x00007ff80692e000 	C:\WINDOWS\SYSTEM32\USERENV.dll
0x00007ff8063d0000 - 0x00007ff8063dc000 	C:\WINDOWS\SYSTEM32\CRYPTBASE.dll
0x00007ffffbac0000 - 0x00007ffffbad7000 	C:\WINDOWS\SYSTEM32\dhcpcsvc6.DLL
0x00007ffffba40000 - 0x00007ffffba5d000 	C:\WINDOWS\SYSTEM32\dhcpcsvc.DLL
0x00007ffff00f0000 - 0x00007ffff0102000 	C:\Program Files\Java\jdk-15.0.1\bin\nio.dll
0x00007ffffefb0000 - 0x00007ffffefb7000 	C:\Program Files\Java\jdk-15.0.1\bin\rmi.dll

dbghelp: loaded successfully - version: 4.0.5 - missing functions: none
symbol engine: initialized successfully - sym options: 0x614 - pdb path: .;C:\Program Files\Java\jdk-15.0.1\bin;C:\WINDOWS\SYSTEM32;C:\WINDOWS\WinSxS\amd64_microsoft.windows.common-controls_6595b64144ccf1df_6.0.19041.1110_none_60b5254171f9507e;C:\Program Files\Java\jdk-15.0.1\bin\server;C:\Program Files\Common Files\Crypto Pro\AppCompat

VM Arguments:
java_command: PrimeNumberUtils
java_class_path (initial): .
Launcher Type: SUN_STANDARD

[Global flags]
     intx CICompilerCount                          = 4                                         {product} {ergonomic}
     uint ConcGCThreads                            = 2                                         {product} {ergonomic}
     uint G1ConcRefinementThreads                  = 8                                         {product} {ergonomic}
   size_t G1HeapRegionSize                         = 1048576                                   {product} {ergonomic}
    uintx GCDrainStackTargetSize                   = 64                                        {product} {ergonomic}
   size_t InitialHeapSize                          = 134217728                                 {product} {ergonomic}
   size_t MarkStackSize                            = 4194304                                   {product} {ergonomic}
   size_t MaxHeapSize                              = 2116026368                                {product} {ergonomic}
   size_t MaxNewSize                               = 1268776960                                {product} {ergonomic}
   size_t MinHeapDeltaBytes                        = 1048576                                   {product} {ergonomic}
   size_t MinHeapSize                              = 8388608                                   {product} {ergonomic}
    uintx NonNMethodCodeHeapSize                   = 5839372                                {pd product} {ergonomic}
    uintx NonProfiledCodeHeapSize                  = 122909434                              {pd product} {ergonomic}
    uintx ProfiledCodeHeapSize                     = 122909434                              {pd product} {ergonomic}
    uintx ReservedCodeCacheSize                    = 251658240                              {pd product} {ergonomic}
     bool SegmentedCodeCache                       = true                                      {product} {ergonomic}
   size_t SoftMaxHeapSize                          = 2116026368                             {manageable} {ergonomic}
     bool UseCompressedClassPointers               = true                                 {lp64_product} {ergonomic}
     bool UseCompressedOops                        = true                                 {lp64_product} {ergonomic}
     bool UseG1GC                                  = true                                      {product} {ergonomic}
     bool UseLargePagesIndividualAllocation        = false                                  {pd product} {ergonomic}

Logging:
Log output configuration:
 #0: stdout all=warning uptime,level,tags
 #1: stderr all=off uptime,level,tags

Environment Variables:
JAVA_HOME=C:\Program Files\Java\jdk-15.0.1
PATH=D:\Program Files (x86)\CLion 2022.2.4\bin;;C:\Users\limit\AppData\Roaming\npm;C:\Program Files\Java\jdk-15.0.1\bin;C:\big-data\hadoop-3.3.0\bin;
USERNAME=limit
OS=Windows_NT
PROCESSOR_IDENTIFIER=Intel64 Family 6 Model 142 Stepping 10, GenuineIntel



---------------  S Y S T E M  ---------------

OS:
 Windows 10 , 64 bit Build 19041 (10.0.19041.1889)
OS uptime: 0 days 1:17 hours

CPU: total 8 (initial active 8) (4 cores per cpu, 2 threads per core) family 6 model 142 stepping 10 microcode 0xb4, cmov, cx8, fxsr, mmx, sse, sse2, sse3, ssse3, sse4.1, sse4.2, popcnt, vzeroupper, avx, avx2, aes, clmul, erms, 3dnowpref, lzcnt, ht, tsc, tscinvbit, bmi1, bmi2, adx, fma, clflush, clflushopt

Memory: 4k page, system-wide physical 8070M (195M free)
TotalPageFile size 22303M (AvailPageFile size 2M)
current process WorkingSet (physical memory assigned to process): 48M, peak: 48M
current process commit charge ("private bytes"): 219M, peak: 219M

vm_info: Java HotSpot(TM) 64-Bit Server VM (15.0.1+9-18) for windows-amd64 JRE (15.0.1+9-18), built on Sep 15 2020 14:43:54 by "mach5one" with unknown MS VC++:1925

END.
